Log file open, 04/13/22 20:12:47
LogWindows: Failed to load 'aqProf.dll' (GetLastError=126)
LogWindows: File 'aqProf.dll' does not exist
LogWindows: Failed to load 'VtuneApi.dll' (GetLastError=126)
LogWindows: File 'VtuneApi.dll' does not exist
LogWindows: Failed to load 'VtuneApi32e.dll' (GetLastError=126)
LogWindows: File 'VtuneApi32e.dll' does not exist
LogConsoleResponse: Display: Failed to find resolution value strings in scalability ini. Falling back to default.
LogConsoleResponse: Display: Failed to find resolution value strings in scalability ini. Falling back to default.
LogInit: Display: Running engine for game: SlossGPRO_A2
LogPlatformFile: Not using cached read wrapper
LogTaskGraph: Started task graph with 5 named threads and 23 total threads with 3 sets of task threads.
LogStats: Stats thread started at 0.381244
LogICUInternationalization: ICU TimeZone Detection - Raw Offset: -5:00, Platform Override: ''
LogInit: Display: Loading text-based GConfig....
LogPluginManager: Mounting plugin MeshPainting
LogPluginManager: Mounting plugin XGEController
LogPluginManager: Mounting plugin Paper2D
LogPluginManager: Mounting plugin AISupport
LogPluginManager: Mounting plugin LiveLink
LogPluginManager: Mounting plugin EnvironmentQueryEditor
LogPluginManager: Mounting plugin LightPropagationVolume
LogPluginManager: Mounting plugin GameplayCameras
LogPluginManager: Mounting plugin CameraShakePreviewer
LogPluginManager: Mounting plugin OodleData
LogPluginManager: Mounting plugin OodleNetwork
LogPluginManager: Mounting plugin AnimationSharing
LogPluginManager: Mounting plugin CLionSourceCodeAccess
LogPluginManager: Mounting plugin CodeLiteSourceCodeAccess
LogPluginManager: Mounting plugin GitSourceControl
LogPluginManager: Mounting plugin KDevelopSourceCodeAccess
LogPluginManager: Mounting plugin NullSourceCodeAccess
LogPluginManager: Mounting plugin PixWinPlugin
LogPluginManager: Mounting plugin PerforceSourceControl
LogPluginManager: Mounting plugin PlasticSourceControl
LogPluginManager: Mounting plugin PropertyAccessNode
LogPluginManager: Mounting plugin PluginUtils
LogPluginManager: Mounting plugin RiderSourceCodeAccess
LogPluginManager: Mounting plugin SubversionSourceControl
LogPluginManager: Mounting plugin TextureFormatOodle
LogPluginManager: Mounting plugin UObjectPlugin
LogPluginManager: Mounting plugin VisualStudioSourceCodeAccess
LogPluginManager: Mounting plugin VisualStudioCodeSourceCodeAccess
LogPluginManager: Mounting plugin XCodeSourceCodeAccess
LogPluginManager: Mounting plugin AssetManagerEditor
LogPluginManager: Mounting plugin DataValidation
LogPluginManager: Mounting plugin CurveEditorTools
LogPluginManager: Mounting plugin CryptoKeys
LogPluginManager: Mounting plugin FacialAnimation
LogPluginManager: Mounting plugin GameplayTagsEditor
LogPluginManager: Mounting plugin GeometryMode
LogPluginManager: Mounting plugin MacGraphicsSwitching
LogPluginManager: Mounting plugin MaterialAnalyzer
LogPluginManager: Mounting plugin MobileLauncherProfileWizard
LogPluginManager: Mounting plugin PluginBrowser
LogPluginManager: Mounting plugin SpeedTreeImporter
LogPluginManager: Mounting plugin AlembicImporter
LogPluginManager: Mounting plugin AutomationUtils
LogPluginManager: Mounting plugin BackChannel
LogPluginManager: Mounting plugin ChaosClothEditor
LogPluginManager: Mounting plugin ChaosCloth
LogPluginManager: Mounting plugin ChaosEditor
LogPluginManager: Mounting plugin ChaosSolverPlugin
LogPluginManager: Mounting plugin CharacterAI
LogPluginManager: Mounting plugin ChaosNiagara
LogPluginManager: Mounting plugin DatasmithContent
LogPluginManager: Mounting plugin GeometryCache
LogPluginManager: Mounting plugin Niagara
LogPluginManager: Mounting plugin GeometryCollectionPlugin
LogPluginManager: Mounting plugin VariantManagerContent
LogPluginManager: Mounting plugin GeometryProcessing
LogPluginManager: Mounting plugin MotoSynth
LogPluginManager: Mounting plugin OpenImageDenoise
LogPluginManager: Mounting plugin PlanarCut
LogPluginManager: Mounting plugin PlatformCrypto
LogPluginManager: Mounting plugin ProxyLODPlugin
LogPluginManager: Mounting plugin PythonScriptPlugin
LogPluginManager: Mounting plugin SkeletalReduction
LogPluginManager: Mounting plugin LuminPlatformFeatures
LogPluginManager: Mounting plugin MagicLeap
LogPluginManager: Mounting plugin MagicLeapLightEstimation
LogPluginManager: Mounting plugin MagicLeapMedia
LogPluginManager: Mounting plugin MagicLeapPassableWorld
LogPluginManager: Mounting plugin MLSDK
LogPluginManager: Mounting plugin AndroidMedia
LogPluginManager: Mounting plugin AvfMedia
LogPluginManager: Mounting plugin ImgMedia
LogPluginManager: Mounting plugin MediaCompositing
LogPluginManager: Mounting plugin MediaPlayerEditor
LogPluginManager: Mounting plugin WebMMedia
LogPluginManager: Mounting plugin WmfMedia
LogPluginManager: Mounting plugin TcpMessaging
LogPluginManager: Mounting plugin UdpMessaging
LogPluginManager: Mounting plugin ActorSequence
LogPluginManager: Mounting plugin LevelSequenceEditor
LogPluginManager: Mounting plugin MatineeToLevelSequence
LogPluginManager: Mounting plugin TemplateSequence
LogPluginManager: Mounting plugin OnlineSubsystem
LogPluginManager: Mounting plugin OnlineSubsystemNull
LogPluginManager: Mounting plugin OnlineSubsystemUtils
LogPluginManager: Mounting plugin LauncherChunkInstaller
LogPluginManager: Mounting plugin ActorLayerUtilities
LogPluginManager: Mounting plugin AndroidDeviceProfileSelector
LogPluginManager: Mounting plugin AndroidMoviePlayer
LogPluginManager: Mounting plugin AndroidPermission
LogPluginManager: Mounting plugin AppleImageUtils
LogPluginManager: Mounting plugin AppleMoviePlayer
LogPluginManager: Mounting plugin ArchVisCharacter
LogPluginManager: Mounting plugin AssetTags
LogPluginManager: Mounting plugin AudioCapture
LogPluginManager: Mounting plugin AudioSynesthesia
LogPluginManager: Mounting plugin CableComponent
LogPluginManager: Mounting plugin ChunkDownloader
LogPluginManager: Mounting plugin CustomMeshComponent
LogPluginManager: Mounting plugin EditableMesh
LogPluginManager: Mounting plugin ExampleDeviceProfileSelector
LogPluginManager: Mounting plugin GooglePAD
LogPluginManager: Mounting plugin GoogleCloudMessaging
LogPluginManager: Mounting plugin IOSDeviceProfileSelector
LogPluginManager: Mounting plugin LinuxDeviceProfileSelector
LogPluginManager: Mounting plugin LocationServicesBPLibrary
LogPluginManager: Mounting plugin MobilePatchingUtils
LogPluginManager: Mounting plugin OpenXR
LogPluginManager: Mounting plugin OpenXREyeTracker
LogPluginManager: Mounting plugin OpenXRHandTracking
LogPluginManager: Mounting plugin PhysXVehicles
LogPluginManager: Mounting plugin PostSplashScreen
LogPluginManager: Mounting plugin ProceduralMeshComponent
LogPluginManager: Mounting plugin PropertyAccessEditor
LogPluginManager: Mounting plugin RuntimePhysXCooking
LogPluginManager: Mounting plugin SignificanceManager
LogPluginManager: Mounting plugin SoundFields
LogPluginManager: Mounting plugin Synthesis
LogPluginManager: Mounting plugin WebMMoviePlayer
LogPluginManager: Mounting plugin WindowsMoviePlayer
LogPluginManager: Mounting plugin ScreenshotTools
LogPluginManager: Mounting plugin Takes
LogPluginManager: Mounting plugin ContentBrowserAssetDataSource
LogPluginManager: Mounting plugin ContentBrowserFileDataSource
LogPluginManager: Mounting plugin ContentBrowserClassDataSource
LogPluginManager: Mounting plugin OnlineSubsystemGooglePlay
LogPluginManager: Mounting plugin OnlineSubsystemIOS
LogPluginManager: Mounting plugin OculusVR
LogPluginManager: Mounting plugin SteamVR
PixWinPlugin: PIX capture plugin failed to initialize! Check that the process is launched from PIX.
LogInit: Using libcurl 7.55.1-DEV
LogInit:  - built for x86_64-pc-win32
LogInit:  - supports SSL with OpenSSL/1.1.1
LogInit:  - supports HTTP deflate (compression) using libz 1.2.8
LogInit:  - other features:
LogInit:      CURL_VERSION_SSL
LogInit:      CURL_VERSION_LIBZ
LogInit:      CURL_VERSION_IPV6
LogInit:      CURL_VERSION_ASYNCHDNS
LogInit:      CURL_VERSION_LARGEFILE
LogInit:      CURL_VERSION_IDN
LogInit:  CurlRequestOptions (configurable via config and command line):
LogInit:  - bVerifyPeer = true  - Libcurl will verify peer certificate
LogInit:  - bUseHttpProxy = false  - Libcurl will NOT use HTTP proxy
LogInit:  - bDontReuseConnections = false  - Libcurl will reuse connections
LogInit:  - MaxHostConnections = 16  - Libcurl will limit the number of connections to a host
LogInit:  - LocalHostAddr = Default
LogInit:  - BufferSize = 65536
LogOnline: OSS: Creating online subsystem instance for: NULL
LogInit: WinSock: version 1.1 (2.2), MaxSocks=32767, MaxUdp=65467
LogOnline: OSS: TryLoadSubsystemAndSetDefault: Loaded subsystem for module [NULL]
LogOculusPluginWrapper: OculusPlugin initialized successfully
LogHMD: Failed initializing OVRPlugin 1.59.0
LogInit: Build: ++UE4+Release-4.27-CL-18319896
LogInit: Engine Version: 4.27.2-18319896+++UE4+Release-4.27
LogInit: Compatible Engine Version: 4.27.0-17155196+++UE4+Release-4.27
LogInit: Net CL: 17155196
LogInit: OS: Windows 10 (Release 2009) (), CPU: Intel(R) Core(TM) i7-4700HQ CPU @ 2.40GHz, GPU: Intel(R) HD Graphics 4600
LogInit: Compiled (64-bit): Nov 30 2021 07:12:08
LogInit: Compiled with Visual C++: 19.24.28315.00
LogInit: Build Configuration: Development
LogInit: Branch Name: ++UE4+Release-4.27
LogInit: Command Line: 
LogInit: Base Directory: C:/Program Files/Unreal Engine/UE_4.27/Engine/Binaries/Win64/
LogInit: Allocator: TBB
LogInit: Installed Engine Build: 1
LogDevObjectVersion: Number of dev versions registered: 29
LogDevObjectVersion:   Dev-Blueprints (B0D832E4-1F89-4F0D-ACCF-7EB736FD4AA2): 10
LogDevObjectVersion:   Dev-Build (E1C64328-A22C-4D53-A36C-8E866417BD8C): 0
LogDevObjectVersion:   Dev-Core (375EC13C-06E4-48FB-B500-84F0262A717E): 4
LogDevObjectVersion:   Dev-Editor (E4B068ED-F494-42E9-A231-DA0B2E46BB41): 40
LogDevObjectVersion:   Dev-Framework (CFFC743F-43B0-4480-9391-14DF171D2073): 37
LogDevObjectVersion:   Dev-Mobile (B02B49B5-BB20-44E9-A304-32B752E40360): 3
LogDevObjectVersion:   Dev-Networking (A4E4105C-59A1-49B5-A7C5-40C4547EDFEE): 0
LogDevObjectVersion:   Dev-Online (39C831C9-5AE6-47DC-9A44-9C173E1C8E7C): 0
LogDevObjectVersion:   Dev-Physics (78F01B33-EBEA-4F98-B9B4-84EACCB95AA2): 14
LogDevObjectVersion:   Dev-Platform (6631380F-2D4D-43E0-8009-CF276956A95A): 0
LogDevObjectVersion:   Dev-Rendering (12F88B9F-8875-4AFC-A67C-D90C383ABD29): 45
LogDevObjectVersion:   Dev-Sequencer (7B5AE74C-D270-4C10-A958-57980B212A5A): 13
LogDevObjectVersion:   Dev-VR (D7296918-1DD6-4BDD-9DE2-64A83CC13884): 3
LogDevObjectVersion:   Dev-LoadTimes (C2A15278-BFE7-4AFE-6C17-90FF531DF755): 1
LogDevObjectVersion:   Private-Geometry (6EACA3D4-40EC-4CC1-B786-8BED09428FC5): 3
LogDevObjectVersion:   Dev-AnimPhys (29E575DD-E0A3-4627-9D10-D276232CDCEA): 17
LogDevObjectVersion:   Dev-Anim (AF43A65D-7FD3-4947-9873-3E8ED9C1BB05): 15
LogDevObjectVersion:   Dev-ReflectionCapture (6B266CEC-1EC7-4B8F-A30B-E4D90942FC07): 1
LogDevObjectVersion:   Dev-Automation (0DF73D61-A23F-47EA-B727-89E90C41499A): 1
LogDevObjectVersion:   FortniteMain (601D1886-AC64-4F84-AA16-D3DE0DEAC7D6): 47
LogDevObjectVersion:   FortniteRelease (E7086368-6B23-4C58-8439-1B7016265E91): 1
LogDevObjectVersion:   Dev-Enterprise (9DFFBCD6-494F-0158-E221-12823C92A888): 10
LogDevObjectVersion:   Dev-Niagara (F2AED0AC-9AFE-416F-8664-AA7FFA26D6FC): 1
LogDevObjectVersion:   Dev-Destruction (174F1F0B-B4C6-45A5-B13F-2EE8D0FB917D): 10
LogDevObjectVersion:   Dev-Physics-Ext (35F94A83-E258-406C-A318-09F59610247C): 41
LogDevObjectVersion:   Dev-PhysicsMaterial-Chaos (B68FC16E-8B1B-42E2-B453-215C058844FE): 1
LogDevObjectVersion:   Dev-CineCamera (B2E18506-4273-CFC2-A54E-F4BB758BBA07): 1
LogDevObjectVersion:   Dev-VirtualProduction (64F58936-FD1B-42BA-BA96-7289D5D0FA4E): 1
LogDevObjectVersion:   Dev-MediaFramework (6F0ED827-A609-4895-9C91-998D90180EA4): 2
LogInit: Presizing for max 25165824 objects, including 0 objects not considered by GC, pre-allocating 0 bytes for permanent pool.
LogConfig: Applying CVar settings from Section [/Script/Engine.StreamingSettings] File [D:/Unreal Projects/Assignment2GPRO_Sloss/SlossGPRO_A2/Saved/Config/Windows/Engine.ini]
LogConfig: Setting CVar [[s.MinBulkDataSizeForAsyncLoading:131072]]
LogConfig: Setting CVar [[s.AsyncLoadingThreadEnabled:0]]
LogConfig: Setting CVar [[s.EventDrivenLoaderEnabled:1]]
LogConfig: Setting CVar [[s.WarnIfTimeLimitExceeded:0]]
LogConfig: Setting CVar [[s.TimeLimitExceededMultiplier:1.5]]
LogConfig: Setting CVar [[s.TimeLimitExceededMinTime:0.005]]
LogConfig: Setting CVar [[s.UseBackgroundLevelStreaming:1]]
LogConfig: Setting CVar [[s.PriorityAsyncLoadingExtraTime:15.0]]
LogConfig: Setting CVar [[s.LevelStreamingActorsUpdateTimeLimit:5.0]]
LogConfig: Setting CVar [[s.PriorityLevelStreamingActorsUpdateExtraTime:5.0]]
LogConfig: Setting CVar [[s.LevelStreamingComponentsRegistrationGranularity:10]]
LogConfig: Setting CVar [[s.UnregisterComponentsTimeLimit:1.0]]
LogConfig: Setting CVar [[s.LevelStreamingComponentsUnregistrationGranularity:5]]
LogConfig: Setting CVar [[s.FlushStreamingOnExit:1]]
LogInit: Object subsystem initialized
LogConfig: Setting CVar [[con.DebugEarlyDefault:1]]
LogConfig: Setting CVar [[r.setres:1280x720]]
[2022.04.14-00.12.48:284][  0]LogConfig: Setting CVar [[r.VSync:0]]
[2022.04.14-00.12.48:284][  0]LogConfig: Setting CVar [[r.RHICmdBypass:0]]
[2022.04.14-00.12.48:284][  0]LogConfig: Applying CVar settings from Section [/Script/Engine.RendererSettings] File [D:/Unreal Projects/Assignment2GPRO_Sloss/SlossGPRO_A2/Saved/Config/Windows/Engine.ini]
[2022.04.14-00.12.48:284][  0]LogConfig: Setting CVar [[r.GPUCrashDebugging:0]]
[2022.04.14-00.12.48:284][  0]LogConfig: Applying CVar settings from Section [/Script/Engine.RendererOverrideSettings] File [D:/Unreal Projects/Assignment2GPRO_Sloss/SlossGPRO_A2/Saved/Config/Windows/Engine.ini]
[2022.04.14-00.12.48:284][  0]LogConfig: Applying CVar settings from Section [/Script/Engine.StreamingSettings] File [D:/Unreal Projects/Assignment2GPRO_Sloss/SlossGPRO_A2/Saved/Config/Windows/Engine.ini]
[2022.04.14-00.12.48:284][  0]LogConfig: Setting CVar [[s.MinBulkDataSizeForAsyncLoading:131072]]
[2022.04.14-00.12.48:284][  0]LogConfig: Setting CVar [[s.AsyncLoadingThreadEnabled:0]]
[2022.04.14-00.12.48:284][  0]LogConfig: Setting CVar [[s.EventDrivenLoaderEnabled:1]]
[2022.04.14-00.12.48:284][  0]LogConfig: Setting CVar [[s.WarnIfTimeLimitExceeded:0]]
[2022.04.14-00.12.48:284][  0]LogConfig: Setting CVar [[s.TimeLimitExceededMultiplier:1.5]]
[2022.04.14-00.12.48:285][  0]LogConfig: Setting CVar [[s.TimeLimitExceededMinTime:0.005]]
[2022.04.14-00.12.48:285][  0]LogConfig: Setting CVar [[s.UseBackgroundLevelStreaming:1]]
[2022.04.14-00.12.48:285][  0]LogConfig: Setting CVar [[s.PriorityAsyncLoadingExtraTime:15.0]]
[2022.04.14-00.12.48:285][  0]LogConfig: Setting CVar [[s.LevelStreamingActorsUpdateTimeLimit:5.0]]
[2022.04.14-00.12.48:285][  0]LogConfig: Setting CVar [[s.PriorityLevelStreamingActorsUpdateExtraTime:5.0]]
[2022.04.14-00.12.48:285][  0]LogConfig: Setting CVar [[s.LevelStreamingComponentsRegistrationGranularity:10]]
[2022.04.14-00.12.48:285][  0]LogConfig: Setting CVar [[s.UnregisterComponentsTimeLimit:1.0]]
[2022.04.14-00.12.48:285][  0]LogConfig: Setting CVar [[s.LevelStreamingComponentsUnregistrationGranularity:5]]
[2022.04.14-00.12.48:285][  0]LogConfig: Setting CVar [[s.FlushStreamingOnExit:1]]
[2022.04.14-00.12.48:285][  0]LogConfig: Applying CVar settings from Section [/Script/Engine.GarbageCollectionSettings] File [D:/Unreal Projects/Assignment2GPRO_Sloss/SlossGPRO_A2/Saved/Config/Windows/Engine.ini]
[2022.04.14-00.12.48:285][  0]LogConfig: Setting CVar [[gc.MaxObjectsNotConsideredByGC:1]]
[2022.04.14-00.12.48:285][  0]LogConfig: Setting CVar [[gc.SizeOfPermanentObjectPool:0]]
[2022.04.14-00.12.48:285][  0]LogConfig: Setting CVar [[gc.FlushStreamingOnGC:0]]
[2022.04.14-00.12.48:285][  0]LogConfig: Setting CVar [[gc.NumRetriesBeforeForcingGC:10]]
[2022.04.14-00.12.48:285][  0]LogConfig: Setting CVar [[gc.AllowParallelGC:1]]
[2022.04.14-00.12.48:285][  0]LogConfig: Setting CVar [[gc.TimeBetweenPurgingPendingKillObjects:61.1]]
[2022.04.14-00.12.48:285][  0]LogConfig: Setting CVar [[gc.MaxObjectsInEditor:25165824]]
[2022.04.14-00.12.48:285][  0]LogConfig: Setting CVar [[gc.IncrementalBeginDestroyEnabled:1]]
[2022.04.14-00.12.48:285][  0]LogConfig: Setting CVar [[gc.CreateGCClusters:1]]
[2022.04.14-00.12.48:285][  0]LogConfig: Setting CVar [[gc.MinGCClusterSize:5]]
[2022.04.14-00.12.48:285][  0]LogConfig: Setting CVar [[gc.ActorClusteringEnabled:0]]
[2022.04.14-00.12.48:285][  0]LogConfig: Setting CVar [[gc.BlueprintClusteringEnabled:0]]
[2022.04.14-00.12.48:285][  0]LogConfig: Setting CVar [[gc.UseDisregardForGCOnDedicatedServers:0]]
[2022.04.14-00.12.48:285][  0]LogConfig: Setting CVar [[gc.MultithreadedDestructionEnabled:1]]
[2022.04.14-00.12.48:285][  0]LogConfig: Applying CVar settings from Section [/Script/Engine.NetworkSettings] File [D:/Unreal Projects/Assignment2GPRO_Sloss/SlossGPRO_A2/Saved/Config/Windows/Engine.ini]
[2022.04.14-00.12.48:285][  0]LogConfig: Applying CVar settings from Section [/Script/UnrealEd.CookerSettings] File [D:/Unreal Projects/Assignment2GPRO_Sloss/SlossGPRO_A2/Saved/Config/Windows/Engine.ini]
[2022.04.14-00.12.48:294][  0]LogConfig: Applying CVar settings from Section [ViewDistanceQuality@3] File [D:/Unreal Projects/Assignment2GPRO_Sloss/SlossGPRO_A2/Saved/Config/Windows/Scalability.ini]
[2022.04.14-00.12.48:294][  0]LogConfig: Setting CVar [[r.SkeletalMeshLODBias:0]]
[2022.04.14-00.12.48:294][  0]LogConfig: Setting CVar [[r.ViewDistanceScale:1.0]]
[2022.04.14-00.12.48:294][  0]LogConfig: Applying CVar settings from Section [AntiAliasingQuality@3] File [D:/Unreal Projects/Assignment2GPRO_Sloss/SlossGPRO_A2/Saved/Config/Windows/Scalability.ini]
[2022.04.14-00.12.48:294][  0]LogConfig: Setting CVar [[r.PostProcessAAQuality:4]]
[2022.04.14-00.12.48:294][  0]LogConfig: Applying CVar settings from Section [ShadowQuality@3] File [D:/Unreal Projects/Assignment2GPRO_Sloss/SlossGPRO_A2/Saved/Config/Windows/Scalability.ini]
[2022.04.14-00.12.48:294][  0]LogConfig: Setting CVar [[r.LightFunctionQuality:1]]
[2022.04.14-00.12.48:294][  0]LogConfig: Setting CVar [[r.ShadowQuality:5]]
[2022.04.14-00.12.48:294][  0]LogConfig: Setting CVar [[r.Shadow.CSM.MaxCascades:10]]
[2022.04.14-00.12.48:294][  0]LogConfig: Setting CVar [[r.Shadow.MaxResolution:2048]]
[2022.04.14-00.12.48:294][  0]LogConfig: Setting CVar [[r.Shadow.MaxCSMResolution:2048]]
[2022.04.14-00.12.48:294][  0]LogConfig: Setting CVar [[r.Shadow.RadiusThreshold:0.01]]
[2022.04.14-00.12.48:294][  0]LogConfig: Setting CVar [[r.Shadow.DistanceScale:1.0]]
[2022.04.14-00.12.48:294][  0]LogConfig: Setting CVar [[r.Shadow.CSM.TransitionScale:1.0]]
[2022.04.14-00.12.48:294][  0]LogConfig: Setting CVar [[r.Shadow.PreShadowResolutionFactor:1.0]]
[2022.04.14-00.12.48:294][  0]LogConfig: Setting CVar [[r.DistanceFieldShadowing:1]]
[2022.04.14-00.12.48:294][  0]LogConfig: Setting CVar [[r.DistanceFieldAO:1]]
[2022.04.14-00.12.48:294][  0]LogConfig: Setting CVar [[r.AOQuality:2]]
[2022.04.14-00.12.48:294][  0]LogConfig: Setting CVar [[r.VolumetricFog:1]]
[2022.04.14-00.12.48:294][  0]LogConfig: Setting CVar [[r.VolumetricFog.GridPixelSize:8]]
[2022.04.14-00.12.48:294][  0]LogConfig: Setting CVar [[r.VolumetricFog.GridSizeZ:128]]
[2022.04.14-00.12.48:294][  0]LogConfig: Setting CVar [[r.VolumetricFog.HistoryMissSupersampleCount:4]]
[2022.04.14-00.12.48:294][  0]LogConfig: Setting CVar [[r.LightMaxDrawDistanceScale:1]]
[2022.04.14-00.12.48:294][  0]LogConfig: Setting CVar [[r.CapsuleShadows:1]]
[2022.04.14-00.12.48:294][  0]LogConfig: Applying CVar settings from Section [PostProcessQuality@3] File [D:/Unreal Projects/Assignment2GPRO_Sloss/SlossGPRO_A2/Saved/Config/Windows/Scalability.ini]
[2022.04.14-00.12.48:294][  0]LogConfig: Setting CVar [[r.MotionBlurQuality:4]]
[2022.04.14-00.12.48:294][  0]LogConfig: Setting CVar [[r.AmbientOcclusionMipLevelFactor:0.4]]
[2022.04.14-00.12.48:294][  0]LogConfig: Setting CVar [[r.AmbientOcclusionMaxQuality:100]]
[2022.04.14-00.12.48:294][  0]LogConfig: Setting CVar [[r.AmbientOcclusionLevels:-1]]
[2022.04.14-00.12.48:294][  0]LogConfig: Setting CVar [[r.AmbientOcclusionRadiusScale:1.0]]
[2022.04.14-00.12.48:294][  0]LogConfig: Setting CVar [[r.DepthOfFieldQuality:2]]
[2022.04.14-00.12.48:294][  0]LogConfig: Setting CVar [[r.RenderTargetPoolMin:400]]
[2022.04.14-00.12.48:294][  0]LogConfig: Setting CVar [[r.LensFlareQuality:2]]
[2022.04.14-00.12.48:294][  0]LogConfig: Setting CVar [[r.SceneColorFringeQuality:1]]
[2022.04.14-00.12.48:294][  0]LogConfig: Setting CVar [[r.EyeAdaptationQuality:2]]
[2022.04.14-00.12.48:294][  0]LogConfig: Setting CVar [[r.BloomQuality:5]]
[2022.04.14-00.12.48:294][  0]LogConfig: Setting CVar [[r.FastBlurThreshold:100]]
[2022.04.14-00.12.48:294][  0]LogConfig: Setting CVar [[r.Upscale.Quality:3]]
[2022.04.14-00.12.48:294][  0]LogConfig: Setting CVar [[r.Tonemapper.GrainQuantization:1]]
[2022.04.14-00.12.48:294][  0]LogConfig: Setting CVar [[r.LightShaftQuality:1]]
[2022.04.14-00.12.48:294][  0]LogConfig: Setting CVar [[r.Filter.SizeScale:1]]
[2022.04.14-00.12.48:294][  0]LogConfig: Setting CVar [[r.Tonemapper.Quality:5]]
[2022.04.14-00.12.48:294][  0]LogConfig: Setting CVar [[r.DOF.Gather.AccumulatorQuality:1        ; higher gathering accumulator quality]]
[2022.04.14-00.12.48:294][  0]LogConfig: Setting CVar [[r.DOF.Gather.PostfilterMethod:1          ; Median3x3 postfilering method]]
[2022.04.14-00.12.48:294][  0]LogConfig: Setting CVar [[r.DOF.Gather.EnableBokehSettings:0       ; no bokeh simulation when gathering]]
[2022.04.14-00.12.48:295][  0]LogConfig: Setting CVar [[r.DOF.Gather.RingCount:4                 ; medium number of samples when gathering]]
[2022.04.14-00.12.48:295][  0]LogConfig: Setting CVar [[r.DOF.Scatter.ForegroundCompositing:1    ; additive foreground scattering]]
[2022.04.14-00.12.48:295][  0]LogConfig: Setting CVar [[r.DOF.Scatter.BackgroundCompositing:2    ; additive background scattering]]
[2022.04.14-00.12.48:295][  0]LogConfig: Setting CVar [[r.DOF.Scatter.EnableBokehSettings:1      ; bokeh simulation when scattering]]
[2022.04.14-00.12.48:295][  0]LogConfig: Setting CVar [[r.DOF.Scatter.MaxSpriteRatio:0.1         ; only a maximum of 10% of scattered bokeh]]
[2022.04.14-00.12.48:295][  0]LogConfig: Setting CVar [[r.DOF.Recombine.Quality:1                ; cheap slight out of focus]]
[2022.04.14-00.12.48:295][  0]LogConfig: Setting CVar [[r.DOF.Recombine.EnableBokehSettings:0    ; no bokeh simulation on slight out of focus]]
[2022.04.14-00.12.48:295][  0]LogConfig: Setting CVar [[r.DOF.TemporalAAQuality:1                ; more stable temporal accumulation]]
[2022.04.14-00.12.48:295][  0]LogConfig: Setting CVar [[r.DOF.Kernel.MaxForegroundRadius:0.025]]
[2022.04.14-00.12.48:295][  0]LogConfig: Setting CVar [[r.DOF.Kernel.MaxBackgroundRadius:0.025]]
[2022.04.14-00.12.48:295][  0]LogConfig: Applying CVar settings from Section [TextureQuality@3] File [D:/Unreal Projects/Assignment2GPRO_Sloss/SlossGPRO_A2/Saved/Config/Windows/Scalability.ini]
[2022.04.14-00.12.48:295][  0]LogConfig: Setting CVar [[r.Streaming.MipBias:0]]
[2022.04.14-00.12.48:295][  0]LogConfig: Setting CVar [[r.Streaming.AmortizeCPUToGPUCopy:0]]
[2022.04.14-00.12.48:295][  0]LogConfig: Setting CVar [[r.Streaming.MaxNumTexturesToStreamPerFrame:0]]
[2022.04.14-00.12.48:295][  0]LogConfig: Setting CVar [[r.Streaming.Boost:1]]
[2022.04.14-00.12.48:295][  0]LogConfig: Setting CVar [[r.MaxAnisotropy:8]]
[2022.04.14-00.12.48:295][  0]LogConfig: Setting CVar [[r.VT.MaxAnisotropy:8]]
[2022.04.14-00.12.48:295][  0]LogConfig: Setting CVar [[r.Streaming.LimitPoolSizeToVRAM:0]]
[2022.04.14-00.12.48:295][  0]LogConfig: Setting CVar [[r.Streaming.PoolSize:1000]]
[2022.04.14-00.12.48:295][  0]LogConfig: Setting CVar [[r.Streaming.MaxEffectiveScreenSize:0]]
[2022.04.14-00.12.48:295][  0]LogConfig: Applying CVar settings from Section [EffectsQuality@3] File [D:/Unreal Projects/Assignment2GPRO_Sloss/SlossGPRO_A2/Saved/Config/Windows/Scalability.ini]
[2022.04.14-00.12.48:295][  0]LogConfig: Setting CVar [[r.TranslucencyLightingVolumeDim:64]]
[2022.04.14-00.12.48:295][  0]LogConfig: Setting CVar [[r.RefractionQuality:2]]
[2022.04.14-00.12.48:295][  0]LogConfig: Setting CVar [[r.SSR.Quality:3]]
[2022.04.14-00.12.48:295][  0]LogConfig: Setting CVar [[r.SSR.HalfResSceneColor:0]]
[2022.04.14-00.12.48:295][  0]LogConfig: Setting CVar [[r.SceneColorFormat:4]]
[2022.04.14-00.12.48:295][  0]LogConfig: Setting CVar [[r.DetailMode:2]]
[2022.04.14-00.12.48:295][  0]LogConfig: Setting CVar [[r.TranslucencyVolumeBlur:1]]
[2022.04.14-00.12.48:295][  0]LogConfig: Setting CVar [[r.MaterialQualityLevel:1 ; High quality]]
[2022.04.14-00.12.48:295][  0]LogConfig: Setting CVar [[r.AnisotropicMaterials:1]]
[2022.04.14-00.12.48:295][  0]LogConfig: Setting CVar [[r.SSS.Scale:1]]
[2022.04.14-00.12.48:295][  0]LogConfig: Setting CVar [[r.SSS.SampleSet:2]]
[2022.04.14-00.12.48:295][  0]LogConfig: Setting CVar [[r.SSS.Quality:1]]
[2022.04.14-00.12.48:295][  0]LogConfig: Setting CVar [[r.SSS.HalfRes:0]]
[2022.04.14-00.12.48:295][  0]LogConfig: Setting CVar [[r.SSGI.Quality:3]]
[2022.04.14-00.12.48:295][  0]LogConfig: Setting CVar [[r.EmitterSpawnRateScale:1.0]]
[2022.04.14-00.12.48:295][  0]LogConfig: Setting CVar [[r.ParticleLightQuality:2]]
[2022.04.14-00.12.48:295][  0]LogConfig: Setting CVar [[r.SkyAtmosphere.AerialPerspectiveLUT.FastApplyOnOpaque:1 ; Always have FastSkyLUT 1 in this case to avoid wrong sky]]
[2022.04.14-00.12.48:295][  0]LogConfig: Setting CVar [[r.SkyAtmosphere.AerialPerspectiveLUT.SampleCountMaxPerSlice:4]]
[2022.04.14-00.12.48:295][  0]LogConfig: Setting CVar [[r.SkyAtmosphere.AerialPerspectiveLUT.DepthResolution:16.0]]
[2022.04.14-00.12.48:295][  0]LogConfig: Setting CVar [[r.SkyAtmosphere.FastSkyLUT:1]]
[2022.04.14-00.12.48:295][  0]LogConfig: Setting CVar [[r.SkyAtmosphere.FastSkyLUT.SampleCountMin:4.0]]
[2022.04.14-00.12.48:295][  0]LogConfig: Setting CVar [[r.SkyAtmosphere.FastSkyLUT.SampleCountMax:128.0]]
[2022.04.14-00.12.48:295][  0]LogConfig: Setting CVar [[r.SkyAtmosphere.SampleCountMin:4.0]]
[2022.04.14-00.12.48:295][  0]LogConfig: Setting CVar [[r.SkyAtmosphere.SampleCountMax:128.0]]
[2022.04.14-00.12.48:295][  0]LogConfig: Setting CVar [[r.SkyAtmosphere.TransmittanceLUT.UseSmallFormat:0]]
[2022.04.14-00.12.48:295][  0]LogConfig: Setting CVar [[r.SkyAtmosphere.TransmittanceLUT.SampleCount:10.0]]
[2022.04.14-00.12.48:295][  0]LogConfig: Setting CVar [[r.SkyAtmosphere.MultiScatteringLUT.SampleCount:15.0]]
[2022.04.14-00.12.48:295][  0]LogConfig: Setting CVar [[r.SkyLight.RealTimeReflectionCapture:1]]
[2022.04.14-00.12.48:295][  0]LogConfig: Applying CVar settings from Section [FoliageQuality@3] File [D:/Unreal Projects/Assignment2GPRO_Sloss/SlossGPRO_A2/Saved/Config/Windows/Scalability.ini]
[2022.04.14-00.12.48:295][  0]LogConfig: Setting CVar [[foliage.DensityScale:1.0]]
[2022.04.14-00.12.48:295][  0]LogConfig: Setting CVar [[grass.DensityScale:1.0]]
[2022.04.14-00.12.48:296][  0]LogConfig: Applying CVar settings from Section [ShadingQuality@3] File [D:/Unreal Projects/Assignment2GPRO_Sloss/SlossGPRO_A2/Saved/Config/Windows/Scalability.ini]
[2022.04.14-00.12.48:296][  0]LogConfig: Setting CVar [[r.HairStrands.SkyLighting.IntegrationType:2]]
[2022.04.14-00.12.48:296][  0]LogConfig: Setting CVar [[r.HairStrands.SkyAO.SampleCount:4]]
[2022.04.14-00.12.48:296][  0]LogConfig: Setting CVar [[r.HairStrands.Visibility.MSAA.SamplePerPixel:4]]
[2022.04.14-00.12.48:296][  0]LogInit: Selected Device Profile: [Windows]
[2022.04.14-00.12.48:296][  0]LogInit: Applying CVar settings loaded from the selected device profile: [Windows]
[2022.04.14-00.12.48:296][  0]LogHAL: Display: Platform has ~ 12 GB [12762329088 / 17179869184 / 12], which maps to Larger [LargestMinGB=32, LargerMinGB=12, DefaultMinGB=8, SmallerMinGB=6, SmallestMinGB=0)
[2022.04.14-00.12.48:296][  0]LogInit: Going up to parent DeviceProfile []
[2022.04.14-00.12.48:296][  0]LogConfig: Applying CVar settings from Section [ViewDistanceQuality@3] File [D:/Unreal Projects/Assignment2GPRO_Sloss/SlossGPRO_A2/Saved/Config/Windows/Scalability.ini]
[2022.04.14-00.12.48:296][  0]LogConfig: Setting CVar [[r.SkeletalMeshLODBias:0]]
[2022.04.14-00.12.48:296][  0]LogConfig: Setting CVar [[r.ViewDistanceScale:1.0]]
[2022.04.14-00.12.48:296][  0]LogConfig: Applying CVar settings from Section [AntiAliasingQuality@3] File [D:/Unreal Projects/Assignment2GPRO_Sloss/SlossGPRO_A2/Saved/Config/Windows/Scalability.ini]
[2022.04.14-00.12.48:296][  0]LogConfig: Setting CVar [[r.PostProcessAAQuality:4]]
[2022.04.14-00.12.48:296][  0]LogConfig: Applying CVar settings from Section [ShadowQuality@3] File [D:/Unreal Projects/Assignment2GPRO_Sloss/SlossGPRO_A2/Saved/Config/Windows/Scalability.ini]
[2022.04.14-00.12.48:296][  0]LogConfig: Setting CVar [[r.LightFunctionQuality:1]]
[2022.04.14-00.12.48:296][  0]LogConfig: Setting CVar [[r.ShadowQuality:5]]
[2022.04.14-00.12.48:296][  0]LogConfig: Setting CVar [[r.Shadow.CSM.MaxCascades:10]]
[2022.04.14-00.12.48:296][  0]LogConfig: Setting CVar [[r.Shadow.MaxResolution:2048]]
[2022.04.14-00.12.48:296][  0]LogConfig: Setting CVar [[r.Shadow.MaxCSMResolution:2048]]
[2022.04.14-00.12.48:296][  0]LogConfig: Setting CVar [[r.Shadow.RadiusThreshold:0.01]]
[2022.04.14-00.12.48:296][  0]LogConfig: Setting CVar [[r.Shadow.DistanceScale:1.0]]
[2022.04.14-00.12.48:296][  0]LogConfig: Setting CVar [[r.Shadow.CSM.TransitionScale:1.0]]
[2022.04.14-00.12.48:296][  0]LogConfig: Setting CVar [[r.Shadow.PreShadowResolutionFactor:1.0]]
[2022.04.14-00.12.48:296][  0]LogConfig: Setting CVar [[r.DistanceFieldShadowing:1]]
[2022.04.14-00.12.48:296][  0]LogConfig: Setting CVar [[r.DistanceFieldAO:1]]
[2022.04.14-00.12.48:296][  0]LogConfig: Setting CVar [[r.AOQuality:2]]
[2022.04.14-00.12.48:296][  0]LogConfig: Setting CVar [[r.VolumetricFog:1]]
[2022.04.14-00.12.48:296][  0]LogConfig: Setting CVar [[r.VolumetricFog.GridPixelSize:8]]
[2022.04.14-00.12.48:296][  0]LogConfig: Setting CVar [[r.VolumetricFog.GridSizeZ:128]]
[2022.04.14-00.12.48:296][  0]LogConfig: Setting CVar [[r.VolumetricFog.HistoryMissSupersampleCount:4]]
[2022.04.14-00.12.48:296][  0]LogConfig: Setting CVar [[r.LightMaxDrawDistanceScale:1]]
[2022.04.14-00.12.48:296][  0]LogConfig: Setting CVar [[r.CapsuleShadows:1]]
[2022.04.14-00.12.48:296][  0]LogConfig: Applying CVar settings from Section [PostProcessQuality@3] File [D:/Unreal Projects/Assignment2GPRO_Sloss/SlossGPRO_A2/Saved/Config/Windows/Scalability.ini]
[2022.04.14-00.12.48:296][  0]LogConfig: Setting CVar [[r.MotionBlurQuality:4]]
[2022.04.14-00.12.48:296][  0]LogConfig: Setting CVar [[r.AmbientOcclusionMipLevelFactor:0.4]]
[2022.04.14-00.12.48:296][  0]LogConfig: Setting CVar [[r.AmbientOcclusionMaxQuality:100]]
[2022.04.14-00.12.48:296][  0]LogConfig: Setting CVar [[r.AmbientOcclusionLevels:-1]]
[2022.04.14-00.12.48:296][  0]LogConfig: Setting CVar [[r.AmbientOcclusionRadiusScale:1.0]]
[2022.04.14-00.12.48:296][  0]LogConfig: Setting CVar [[r.DepthOfFieldQuality:2]]
[2022.04.14-00.12.48:297][  0]LogConfig: Setting CVar [[r.RenderTargetPoolMin:400]]
[2022.04.14-00.12.48:297][  0]LogConfig: Setting CVar [[r.LensFlareQuality:2]]
[2022.04.14-00.12.48:297][  0]LogConfig: Setting CVar [[r.SceneColorFringeQuality:1]]
[2022.04.14-00.12.48:297][  0]LogConfig: Setting CVar [[r.EyeAdaptationQuality:2]]
[2022.04.14-00.12.48:297][  0]LogConfig: Setting CVar [[r.BloomQuality:5]]
[2022.04.14-00.12.48:297][  0]LogConfig: Setting CVar [[r.FastBlurThreshold:100]]
[2022.04.14-00.12.48:297][  0]LogConfig: Setting CVar [[r.Upscale.Quality:3]]
[2022.04.14-00.12.48:297][  0]LogConfig: Setting CVar [[r.Tonemapper.GrainQuantization:1]]
[2022.04.14-00.12.48:297][  0]LogConfig: Setting CVar [[r.LightShaftQuality:1]]
[2022.04.14-00.12.48:297][  0]LogConfig: Setting CVar [[r.Filter.SizeScale:1]]
[2022.04.14-00.12.48:297][  0]LogConfig: Setting CVar [[r.Tonemapper.Quality:5]]
[2022.04.14-00.12.48:297][  0]LogConfig: Setting CVar [[r.DOF.Gather.AccumulatorQuality:1        ; higher gathering accumulator quality]]
[2022.04.14-00.12.48:297][  0]LogConfig: Setting CVar [[r.DOF.Gather.PostfilterMethod:1          ; Median3x3 postfilering method]]
[2022.04.14-00.12.48:297][  0]LogConfig: Setting CVar [[r.DOF.Gather.EnableBokehSettings:0       ; no bokeh simulation when gathering]]
[2022.04.14-00.12.48:297][  0]LogConfig: Setting CVar [[r.DOF.Gather.RingCount:4                 ; medium number of samples when gathering]]
[2022.04.14-00.12.48:297][  0]LogConfig: Setting CVar [[r.DOF.Scatter.ForegroundCompositing:1    ; additive foreground scattering]]
[2022.04.14-00.12.48:297][  0]LogConfig: Setting CVar [[r.DOF.Scatter.BackgroundCompositing:2    ; additive background scattering]]
[2022.04.14-00.12.48:297][  0]LogConfig: Setting CVar [[r.DOF.Scatter.EnableBokehSettings:1      ; bokeh simulation when scattering]]
[2022.04.14-00.12.48:297][  0]LogConfig: Setting CVar [[r.DOF.Scatter.MaxSpriteRatio:0.1         ; only a maximum of 10% of scattered bokeh]]
[2022.04.14-00.12.48:297][  0]LogConfig: Setting CVar [[r.DOF.Recombine.Quality:1                ; cheap slight out of focus]]
[2022.04.14-00.12.48:297][  0]LogConfig: Setting CVar [[r.DOF.Recombine.EnableBokehSettings:0    ; no bokeh simulation on slight out of focus]]
[2022.04.14-00.12.48:297][  0]LogConfig: Setting CVar [[r.DOF.TemporalAAQuality:1                ; more stable temporal accumulation]]
[2022.04.14-00.12.48:297][  0]LogConfig: Setting CVar [[r.DOF.Kernel.MaxForegroundRadius:0.025]]
[2022.04.14-00.12.48:297][  0]LogConfig: Setting CVar [[r.DOF.Kernel.MaxBackgroundRadius:0.025]]
[2022.04.14-00.12.48:297][  0]LogConfig: Applying CVar settings from Section [TextureQuality@3] File [D:/Unreal Projects/Assignment2GPRO_Sloss/SlossGPRO_A2/Saved/Config/Windows/Scalability.ini]
[2022.04.14-00.12.48:297][  0]LogConfig: Setting CVar [[r.Streaming.MipBias:0]]
[2022.04.14-00.12.48:297][  0]LogConfig: Setting CVar [[r.Streaming.AmortizeCPUToGPUCopy:0]]
[2022.04.14-00.12.48:297][  0]LogConfig: Setting CVar [[r.Streaming.MaxNumTexturesToStreamPerFrame:0]]
[2022.04.14-00.12.48:297][  0]LogConfig: Setting CVar [[r.Streaming.Boost:1]]
[2022.04.14-00.12.48:297][  0]LogConfig: Setting CVar [[r.MaxAnisotropy:8]]
[2022.04.14-00.12.48:297][  0]LogConfig: Setting CVar [[r.VT.MaxAnisotropy:8]]
[2022.04.14-00.12.48:297][  0]LogConfig: Setting CVar [[r.Streaming.LimitPoolSizeToVRAM:0]]
[2022.04.14-00.12.48:297][  0]LogConfig: Setting CVar [[r.Streaming.PoolSize:1000]]
[2022.04.14-00.12.48:297][  0]LogConfig: Setting CVar [[r.Streaming.MaxEffectiveScreenSize:0]]
[2022.04.14-00.12.48:297][  0]LogConfig: Applying CVar settings from Section [EffectsQuality@3] File [D:/Unreal Projects/Assignment2GPRO_Sloss/SlossGPRO_A2/Saved/Config/Windows/Scalability.ini]
[2022.04.14-00.12.48:297][  0]LogConfig: Setting CVar [[r.TranslucencyLightingVolumeDim:64]]
[2022.04.14-00.12.48:297][  0]LogConfig: Setting CVar [[r.RefractionQuality:2]]
[2022.04.14-00.12.48:297][  0]LogConfig: Setting CVar [[r.SSR.Quality:3]]
[2022.04.14-00.12.48:297][  0]LogConfig: Setting CVar [[r.SSR.HalfResSceneColor:0]]
[2022.04.14-00.12.48:297][  0]LogConfig: Setting CVar [[r.SceneColorFormat:4]]
[2022.04.14-00.12.48:297][  0]LogConfig: Setting CVar [[r.DetailMode:2]]
[2022.04.14-00.12.48:297][  0]LogConfig: Setting CVar [[r.TranslucencyVolumeBlur:1]]
[2022.04.14-00.12.48:297][  0]LogConfig: Setting CVar [[r.MaterialQualityLevel:1 ; High quality]]
[2022.04.14-00.12.48:297][  0]LogConfig: Setting CVar [[r.AnisotropicMaterials:1]]
[2022.04.14-00.12.48:297][  0]LogConfig: Setting CVar [[r.SSS.Scale:1]]
[2022.04.14-00.12.48:297][  0]LogConfig: Setting CVar [[r.SSS.SampleSet:2]]
[2022.04.14-00.12.48:297][  0]LogConfig: Setting CVar [[r.SSS.Quality:1]]
[2022.04.14-00.12.48:297][  0]LogConfig: Setting CVar [[r.SSS.HalfRes:0]]
[2022.04.14-00.12.48:297][  0]LogConfig: Setting CVar [[r.SSGI.Quality:3]]
[2022.04.14-00.12.48:298][  0]LogConfig: Setting CVar [[r.EmitterSpawnRateScale:1.0]]
[2022.04.14-00.12.48:298][  0]LogConfig: Setting CVar [[r.ParticleLightQuality:2]]
[2022.04.14-00.12.48:298][  0]LogConfig: Setting CVar [[r.SkyAtmosphere.AerialPerspectiveLUT.FastApplyOnOpaque:1 ; Always have FastSkyLUT 1 in this case to avoid wrong sky]]
[2022.04.14-00.12.48:298][  0]LogConfig: Setting CVar [[r.SkyAtmosphere.AerialPerspectiveLUT.SampleCountMaxPerSlice:4]]
[2022.04.14-00.12.48:298][  0]LogConfig: Setting CVar [[r.SkyAtmosphere.AerialPerspectiveLUT.DepthResolution:16.0]]
[2022.04.14-00.12.48:298][  0]LogConfig: Setting CVar [[r.SkyAtmosphere.FastSkyLUT:1]]
[2022.04.14-00.12.48:298][  0]LogConfig: Setting CVar [[r.SkyAtmosphere.FastSkyLUT.SampleCountMin:4.0]]
[2022.04.14-00.12.48:298][  0]LogConfig: Setting CVar [[r.SkyAtmosphere.FastSkyLUT.SampleCountMax:128.0]]
[2022.04.14-00.12.48:298][  0]LogConfig: Setting CVar [[r.SkyAtmosphere.SampleCountMin:4.0]]
[2022.04.14-00.12.48:298][  0]LogConfig: Setting CVar [[r.SkyAtmosphere.SampleCountMax:128.0]]
[2022.04.14-00.12.48:298][  0]LogConfig: Setting CVar [[r.SkyAtmosphere.TransmittanceLUT.UseSmallFormat:0]]
[2022.04.14-00.12.48:298][  0]LogConfig: Setting CVar [[r.SkyAtmosphere.TransmittanceLUT.SampleCount:10.0]]
[2022.04.14-00.12.48:298][  0]LogConfig: Setting CVar [[r.SkyAtmosphere.MultiScatteringLUT.SampleCount:15.0]]
[2022.04.14-00.12.48:298][  0]LogConfig: Setting CVar [[r.SkyLight.RealTimeReflectionCapture:1]]
[2022.04.14-00.12.48:298][  0]LogConfig: Applying CVar settings from Section [FoliageQuality@3] File [D:/Unreal Projects/Assignment2GPRO_Sloss/SlossGPRO_A2/Saved/Config/Windows/Scalability.ini]
[2022.04.14-00.12.48:298][  0]LogConfig: Setting CVar [[foliage.DensityScale:1.0]]
[2022.04.14-00.12.48:298][  0]LogConfig: Setting CVar [[grass.DensityScale:1.0]]
[2022.04.14-00.12.48:298][  0]LogConfig: Applying CVar settings from Section [ShadingQuality@3] File [D:/Unreal Projects/Assignment2GPRO_Sloss/SlossGPRO_A2/Saved/Config/Windows/Scalability.ini]
[2022.04.14-00.12.48:298][  0]LogConfig: Setting CVar [[r.HairStrands.SkyLighting.IntegrationType:2]]
[2022.04.14-00.12.48:298][  0]LogConfig: Setting CVar [[r.HairStrands.SkyAO.SampleCount:4]]
[2022.04.14-00.12.48:298][  0]LogConfig: Setting CVar [[r.HairStrands.Visibility.MSAA.SamplePerPixel:4]]
[2022.04.14-00.12.48:298][  0]LogConfig: Applying CVar settings from Section [Startup] File [../../../Engine/Config/ConsoleVariables.ini]
[2022.04.14-00.12.48:299][  0]LogConfig: Setting CVar [[net.UseAdaptiveNetUpdateFrequency:0]]
[2022.04.14-00.12.48:299][  0]LogConfig: Setting CVar [[p.chaos.AllowCreatePhysxBodies:1]]
[2022.04.14-00.12.48:299][  0]LogConfig: Setting CVar [[fx.SkipVectorVMBackendOptimizations:1]]
[2022.04.14-00.12.48:299][  0]LogConfig: Applying CVar settings from Section [ConsoleVariables] File [D:/Unreal Projects/Assignment2GPRO_Sloss/SlossGPRO_A2/Saved/Config/Windows/Engine.ini]
[2022.04.14-00.12.48:299][  0]LogConfig: Applying CVar settings from Section [ConsoleVariables] File [D:/Unreal Projects/Assignment2GPRO_Sloss/SlossGPRO_A2/Saved/Config/Windows/Editor.ini]
[2022.04.14-00.12.48:299][  0]LogInit: Computer: DESKTOP-VRMNEHM
[2022.04.14-00.12.48:299][  0]LogInit: User: TYLER
[2022.04.14-00.12.48:299][  0]LogInit: CPU Page size=4096, Cores=4
[2022.04.14-00.12.48:299][  0]LogInit: High frequency timer resolution =10.000000 MHz
[2022.04.14-00.12.48:299][  0]LogMemory: Memory total: Physical=11.9GB (12GB approx)
[2022.04.14-00.12.48:299][  0]LogMemory: Platform Memory Stats for Windows
[2022.04.14-00.12.48:299][  0]LogMemory: Process Physical Memory: 142.46 MB used, 142.46 MB peak
[2022.04.14-00.12.48:299][  0]LogMemory: Process Virtual Memory: 128.41 MB used, 128.41 MB peak
[2022.04.14-00.12.48:299][  0]LogMemory: Physical Memory: 7472.20 MB used,  4698.91 MB free, 12171.11 MB total
[2022.04.14-00.12.48:299][  0]LogMemory: Virtual Memory: 134213528.00 MB used,  4198.88 MB free, 134217728.00 MB total
[2022.04.14-00.12.48:306][  0]LogWindows: WindowsPlatformFeatures enabled
[2022.04.14-00.12.48:374][  0]LogInit: Physics initialised using underlying interface: PhysX
[2022.04.14-00.12.48:376][  0]LogInit: Using OS detected language (en-US).
[2022.04.14-00.12.48:376][  0]LogInit: Using OS detected locale (en-US).
[2022.04.14-00.12.48:386][  0]LogTextLocalizationManager: No specific localization for 'en-US' exists, so the 'en' localization will be used.
[2022.04.14-00.12.48:809][  0]LogInit: Setting process to per monitor DPI aware
[2022.04.14-00.12.48:836][  0]LogWindowsTextInputMethodSystem: Display: IME system deactivated.
[2022.04.14-00.12.48:863][  0]LogSlate: New Slate User Created.  User Index 0, Is Virtual User: 0
[2022.04.14-00.12.48:863][  0]LogSlate: Slate User Registered.  User Index 0, Is Virtual User: 0
[2022.04.14-00.12.49:209][  0]LogD3D11RHI: Loaded GFSDK_Aftermath_Lib.x64.dll
[2022.04.14-00.12.49:261][  0]LogHMD: Failed to initialize OpenVR with code 110
[2022.04.14-00.12.49:261][  0]LogD3D11RHI: D3D11 min allowed feature level: 11_0
[2022.04.14-00.12.49:261][  0]LogD3D11RHI: D3D11 max allowed feature level: 11_0
[2022.04.14-00.12.49:261][  0]LogD3D11RHI: D3D11 adapters:
[2022.04.14-00.12.49:444][  0]LogD3D11RHI:    0. 'NVIDIA GeForce GTX 860M' (Feature Level 11_0)
[2022.04.14-00.12.49:444][  0]LogD3D11RHI:       2010/0/6085 MB DedicatedVideo/DedicatedSystem/SharedSystem, Outputs:1, VendorId:0x10de
[2022.04.14-00.12.49:453][  0]LogD3D11RHI:    1. 'Intel(R) HD Graphics 4600' (Feature Level 11_0)
[2022.04.14-00.12.49:453][  0]LogD3D11RHI:       112/0/2048 MB DedicatedVideo/DedicatedSystem/SharedSystem, Outputs:0, VendorId:0x8086
[2022.04.14-00.12.49:457][  0]LogD3D11RHI:    2. 'Microsoft Basic Render Driver' (Feature Level 11_0)
[2022.04.14-00.12.49:457][  0]LogD3D11RHI:       0/0/6085 MB DedicatedVideo/DedicatedSystem/SharedSystem, Outputs:0, VendorId:0x1414
[2022.04.14-00.12.49:457][  0]LogD3D11RHI: Chosen D3D11 Adapter:
[2022.04.14-00.12.49:457][  0]LogD3D11RHI:     Description : NVIDIA GeForce GTX 860M
[2022.04.14-00.12.49:457][  0]LogD3D11RHI:     VendorId    : 10de
[2022.04.14-00.12.49:457][  0]LogD3D11RHI:     DeviceId    : 1392
[2022.04.14-00.12.49:457][  0]LogD3D11RHI:     SubSysId    : 157d1043
[2022.04.14-00.12.49:457][  0]LogD3D11RHI:     Revision    : 00a2
[2022.04.14-00.12.49:457][  0]LogD3D11RHI:     DedicatedVideoMemory : 2107703296 bytes
[2022.04.14-00.12.49:457][  0]LogD3D11RHI:     DedicatedSystemMemory : 0 bytes
[2022.04.14-00.12.49:457][  0]LogD3D11RHI:     SharedSystemMemory : 6381164544 bytes
[2022.04.14-00.12.49:457][  0]LogD3D11RHI:     AdapterLuid : 0 39673
[2022.04.14-00.12.49:465][  0]LogD3D11RHI: Creating new Direct3DDevice
[2022.04.14-00.12.49:466][  0]LogD3D11RHI:     GPU DeviceId: 0x1392 (for the marketing name, search the web for "GPU Device Id")
[2022.04.14-00.12.49:466][  0]LogWindows: EnumDisplayDevices:
[2022.04.14-00.12.49:466][  0]LogWindows:    0. 'Intel(R) HD Graphics 4600' (P:1 D:1)
[2022.04.14-00.12.49:466][  0]LogWindows:    1. 'Intel(R) HD Graphics 4600' (P:0 D:0)
[2022.04.14-00.12.49:467][  0]LogWindows:    2. 'Intel(R) HD Graphics 4600' (P:0 D:0)
[2022.04.14-00.12.49:467][  0]LogWindows: DebugString: PrimaryIsNotTheChoosenAdapter PrimaryIsNotTheChoosenAdapter PrimaryIsNotTheChoosenAdapter FoundDriverCount:0 
[2022.04.14-00.12.49:467][  0]LogD3D11RHI:     Adapter Name: NVIDIA GeForce GTX 860M
[2022.04.14-00.12.49:467][  0]LogD3D11RHI:   Driver Version: Unknown (internal:Unknown, unified:Unknown)
[2022.04.14-00.12.49:467][  0]LogD3D11RHI:      Driver Date: Unknown
[2022.04.14-00.12.49:467][  0]LogRHI: Texture pool is 1407 MB (70% of 2010 MB)
[2022.04.14-00.12.49:467][  0]LogD3D11RHI: Creating D3DDevice using adapter:
[2022.04.14-00.12.49:467][  0]LogD3D11RHI:     Description : NVIDIA GeForce GTX 860M
[2022.04.14-00.12.49:467][  0]LogD3D11RHI:     VendorId    : 10de
[2022.04.14-00.12.49:467][  0]LogD3D11RHI:     DeviceId    : 1392
[2022.04.14-00.12.49:467][  0]LogD3D11RHI:     SubSysId    : 157d1043
[2022.04.14-00.12.49:467][  0]LogD3D11RHI:     Revision    : 00a2
[2022.04.14-00.12.49:467][  0]LogD3D11RHI:     DedicatedVideoMemory : 2107703296 bytes
[2022.04.14-00.12.49:467][  0]LogD3D11RHI:     DedicatedSystemMemory : 0 bytes
[2022.04.14-00.12.49:467][  0]LogD3D11RHI:     SharedSystemMemory : 6381164544 bytes
[2022.04.14-00.12.49:467][  0]LogD3D11RHI:     AdapterLuid : 0 39673
[2022.04.14-00.12.49:556][  0]LogD3D11RHI: RHI has support for 64 bit atomics
[2022.04.14-00.12.49:556][  0]LogD3D11RHI: Async texture creation enabled
[2022.04.14-00.12.49:582][  0]LogD3D11RHI: GPU Timing Frequency: 1000.000000 (Debug: 2 1)
[2022.04.14-00.12.49:667][  0]LogRHI: GeForceNow SDK initialized: 1
[2022.04.14-00.12.50:189][  0]LogTargetPlatformManager: Display: Loaded TargetPlatform 'AllDesktop'
[2022.04.14-00.12.50:227][  0]LogTargetPlatformManager: Display: Loaded TargetPlatform 'Android'
[2022.04.14-00.12.50:227][  0]LogTargetPlatformManager: Display: Loaded TargetPlatform 'Android_ASTC'
[2022.04.14-00.12.50:227][  0]LogTargetPlatformManager: Display: Loaded TargetPlatform 'Android_DXT'
[2022.04.14-00.12.50:227][  0]LogTargetPlatformManager: Display: Loaded TargetPlatform 'Android_ETC2'
[2022.04.14-00.12.50:227][  0]LogTargetPlatformManager: Display: Loaded TargetPlatform 'AndroidClient'
[2022.04.14-00.12.50:227][  0]LogTargetPlatformManager: Display: Loaded TargetPlatform 'Android_ASTCClient'
[2022.04.14-00.12.50:227][  0]LogTargetPlatformManager: Display: Loaded TargetPlatform 'Android_DXTClient'
[2022.04.14-00.12.50:227][  0]LogTargetPlatformManager: Display: Loaded TargetPlatform 'Android_ETC2Client'
[2022.04.14-00.12.50:227][  0]LogTargetPlatformManager: Display: Loaded TargetPlatform 'Android_Multi'
[2022.04.14-00.12.50:227][  0]LogTargetPlatformManager: Display: Loaded TargetPlatform 'Android_MultiClient'
[2022.04.14-00.12.50:259][  0]LogTargetPlatformManager: Display: Loaded TargetPlatform 'IOSClient'
[2022.04.14-00.12.50:260][  0]LogTargetPlatformManager: Display: Loaded TargetPlatform 'IOS'
[2022.04.14-00.12.50:278][  0]LogTargetPlatformManager: Display: Loaded TargetPlatform 'Linux'
[2022.04.14-00.12.50:285][  0]LogTargetPlatformManager: Display: Loaded TargetPlatform 'LinuxNoEditor'
[2022.04.14-00.12.50:291][  0]LogTargetPlatformManager: Display: Loaded TargetPlatform 'LinuxClient'
[2022.04.14-00.12.50:297][  0]LogTargetPlatformManager: Display: Loaded TargetPlatform 'LinuxServer'
[2022.04.14-00.12.50:315][  0]LogTargetPlatformManager: Display: Loaded TargetPlatform 'LinuxAArch64NoEditor'
[2022.04.14-00.12.50:321][  0]LogTargetPlatformManager: Display: Loaded TargetPlatform 'LinuxAArch64Client'
[2022.04.14-00.12.50:328][  0]LogTargetPlatformManager: Display: Loaded TargetPlatform 'LinuxAArch64Server'
[2022.04.14-00.12.50:377][  0]LogTargetPlatformManager: Display: Loaded TargetPlatform 'Lumin'
[2022.04.14-00.12.50:377][  0]LogTargetPlatformManager: Display: Loaded TargetPlatform 'LuminClient'
[2022.04.14-00.12.50:392][  0]LogTargetPlatformManager: Display: Loaded TargetPlatform 'MacNoEditor'
[2022.04.14-00.12.50:402][  0]LogTargetPlatformManager: Display: Loaded TargetPlatform 'Mac'
[2022.04.14-00.12.50:408][  0]LogTargetPlatformManager: Display: Loaded TargetPlatform 'MacClient'
[2022.04.14-00.12.50:414][  0]LogTargetPlatformManager: Display: Loaded TargetPlatform 'MacServer'
[2022.04.14-00.12.50:433][  0]LogTargetPlatformManager: Display: Loaded TargetPlatform 'TVOSClient'
[2022.04.14-00.12.50:433][  0]LogTargetPlatformManager: Display: Loaded TargetPlatform 'TVOS'
[2022.04.14-00.12.50:450][  0]LogTargetPlatformManager: Display: Loaded TargetPlatform 'WindowsNoEditor'
[2022.04.14-00.12.50:457][  0]LogTargetPlatformManager: Display: Loaded TargetPlatform 'Windows'
[2022.04.14-00.12.50:464][  0]LogTargetPlatformManager: Display: Loaded TargetPlatform 'WindowsClient'
[2022.04.14-00.12.50:471][  0]LogTargetPlatformManager: Display: Loaded TargetPlatform 'WindowsServer'
[2022.04.14-00.12.50:471][  0]LogTargetPlatformManager: Display: Building Assets For Windows
[2022.04.14-00.12.50:482][  0]LogAudioDebug: Display: Lib vorbis DLL was dynamically loaded.
[2022.04.14-00.12.50:540][  0]LogTextureFormatOodle: Display: Oodle Texture 2.9.0 init RDO Off
[2022.04.14-00.12.50:586][  0]LogRendererCore: Ray tracing is disabled. Reason: r.RayTracing=0.
[2022.04.14-00.12.50:586][  0]LogShaderCompilers: Guid format shader working directory is -8 characters bigger than the processId version (D:/Unreal Projects/Assignment2GPRO_Sloss/SlossGPRO_A2/Intermediate/Shaders/WorkingDirectory/16856/).
[2022.04.14-00.12.50:586][  0]LogShaderCompilers: Cleaned the shader compiler working directory 'C:/Users/TYLER/AppData/Local/Temp/UnrealShaderWorkingDir/262C3CBA4E7A05827289B982DE5008B4/'.
[2022.04.14-00.12.50:586][  0]LogXGEController: Cannot use XGE Controller as Incredibuild is not installed on this machine.
[2022.04.14-00.12.50:587][  0]LogShaderCompilers: Cannot use XGE Shader Compiler as Incredibuild is not installed on this machine.
[2022.04.14-00.12.50:587][  0]LogShaderCompilers: Display: Using Local Shader Compiler.
[2022.04.14-00.12.51:904][  0]LogDerivedDataCache: Display: Max Cache Size: 512 MB
[2022.04.14-00.12.52:026][  0]LogDerivedDataCache: Loaded boot cache 0.12s 94MB C:/Users/TYLER/AppData/Local/UnrealEngine/4.27/DerivedDataCache/Boot.ddc.
[2022.04.14-00.12.52:026][  0]LogDerivedDataCache: Display: Loaded Boot cache: C:/Users/TYLER/AppData/Local/UnrealEngine/4.27/DerivedDataCache/Boot.ddc
[2022.04.14-00.12.52:026][  0]LogDerivedDataCache: FDerivedDataBackendGraph:  Pak pak cache file D:/Unreal Projects/Assignment2GPRO_Sloss/SlossGPRO_A2/DerivedDataCache/DDC.ddp not found, will not use a pak cache.
[2022.04.14-00.12.52:026][  0]LogDerivedDataCache: Unable to find inner node Pak for hierarchical cache Hierarchy.
[2022.04.14-00.12.52:026][  0]LogDerivedDataCache: FDerivedDataBackendGraph:  CompressedPak pak cache file D:/Unreal Projects/Assignment2GPRO_Sloss/SlossGPRO_A2/DerivedDataCache/Compressed.ddp not found, will not use a pak cache.
[2022.04.14-00.12.52:026][  0]LogDerivedDataCache: Unable to find inner node CompressedPak for hierarchical cache Hierarchy.
[2022.04.14-00.12.52:053][  0]LogDerivedDataCache: Display: Pak cache opened for reading ../../../Engine/DerivedDataCache/Compressed.ddp.
[2022.04.14-00.12.52:053][  0]LogDerivedDataCache: FDerivedDataBackendGraph:  EnterprisePak pak cache file ../../../Enterprise/DerivedDataCache/Compressed.ddp not found, will not use a pak cache.
[2022.04.14-00.12.52:053][  0]LogDerivedDataCache: Unable to find inner node EnterprisePak for hierarchical cache Hierarchy.
[2022.04.14-00.12.52:070][  0]LogDerivedDataCache: Speed tests for C:/Users/TYLER/AppData/Local/UnrealEngine/Common/DerivedDataCache took 0.02 seconds
[2022.04.14-00.12.52:070][  0]LogDerivedDataCache: Display: Performance to C:/Users/TYLER/AppData/Local/UnrealEngine/Common/DerivedDataCache: Latency=0.08ms. RandomReadSpeed=189.60MBs, RandomWriteSpeed=85.49MBs. Assigned SpeedClass 'Local'
[2022.04.14-00.12.52:071][  0]LogDerivedDataCache: Using Local data cache path C:/Users/TYLER/AppData/Local/UnrealEngine/Common/DerivedDataCache: Writable
[2022.04.14-00.12.52:071][  0]LogDerivedDataCache: Shared data cache path not found in *engine.ini, will not use an Shared cache.
[2022.04.14-00.12.52:072][  0]LogDerivedDataCache: Unable to find inner node Shared for hierarchical cache Hierarchy.
[2022.04.14-00.12.52:151][  0]LogSlate: Using FreeType 2.10.0
[2022.04.14-00.12.52:152][  0]LogSlate: SlateFontServices - WITH_FREETYPE: 1, WITH_HARFBUZZ: 1
[2022.04.14-00.12.52:195][  0]LogAssetRegistry: FAssetRegistry took 0.0046 seconds to start up
[2022.04.14-00.12.52:671][  0]LogInit: Selected Device Profile: [Windows]
[2022.04.14-00.12.52:672][  0]LogInit: Active device profile: [000001E2D7080900][000001E2D82DB5C0 49] Windows
[2022.04.14-00.12.52:672][  0]LogInit: Profiles: [000001E2D7080900][000001E2D82DB5C0 49] Windows, [000001E2D7047700][000001E2CFE45740 49] WindowsNoEditor, [000001E2D7083500][000001E2CFE498C0 49] WindowsServer, [000001E2D7044E00][000001E2D82D3A40 49] WindowsClient, [000001E2D7083800][000001E2D5565BC0 49] IOS, [000001E2D7046700][000001E2D55681C0 49] iPadAir, [000001E2D7082000][000001E2D556C340 49] iPadAir2, [000001E2D6FECA00][000001E2D5328600 49] IPadPro, [000001E2D6FECB00][000001E2D5570640 49] iPadAir3, [000001E2D7045800][000001E2D5556780 49] iPadAir4, [000001E2D6FEF400][000001E2D82D68C0 49] iPadMini2, [000001E2D7046900][000001E2D7EA6A00 49] iPadMini3, [000001E2D6FED700][000001E2D7EAAB40 49] iPadMini4, [000001E2D7081100][000001E2D7EB2CC0 49] iPadMini5, [000001E2D6FF4300][000001E2D7EBAF80 49] iPhone6, [000001E2D6FF4400][000001E2D7EB6FC0 49] iPodTouch6, [000001E2D6FE3F00][000001E2D7EC3280 49] iPhone7, [000001E2D6FE3E00][000001E2D7EBF2C0 49] iPodTouch7, [000001E2D7045F00][000001E2D7C15440 49] iPhone5S, [000001E2D6FE1A00][000001E2D7C195C0 49] iPhone6Plus, [000001E2D6FF4200][000001E2D7C1D740 49] iPhone6S, [000001E2D6FE0600][000001E2D7C218C0 49] iPhone6SPlus, [000001E2D6FF6900][000001E2D7C25A40 49] iPhone7Plus, [000001E2D6FE3100][000001E2D7C29BC0 49] iPhoneSE, [000001E2D6FF6200][000001E2D7C2C1C0 49] iPhone8, [000001E2D6FE3B00][000001E2D7C30340 49] iPhone8Plus, [000001E2D6FF4A00][000001E2D7C344C0 49] iPhoneX, [000001E2D6FE1400][000001E2D7C38640 49] iPhoneXS, [000001E2D6FF7900][000001E2D7C3C7C0 49] iPhoneXSMax, [000001E2D6FE0900][000001E2D6974940 49] iPhoneXR, [000001E2D6FF6F00][000001E2D7EAEA80 49] iPhone11, [000001E2D6FE1300][000001E2D6978BC0 49] iPhone11Pro, [000001E2D6FF5000][000001E2D697CD00 49] iPhone11ProMax, [000001E2D6FE2A00][000001E2D6984E80 49] iPhoneSE2, [000001E2D6FF5400][000001E2D6989000 49] iPhone12Mini, [000001E2D6FE2400][000001E2D698D180 49] iPhone12, [000001E2D6FF4D00][000001E2D6991300 49] iPhone12Pro, [000001E2D6FE2B00][000001E2D6995480 49] iPhone12ProMax, [000001E2D6FF7000][000001E2D6999600 49] iPadPro105, [000001E2D6FE0700][000001E2D699D780 49] iPadPro129, [000001E2D6FF6800][000001E2D69A1900 49] iPadPro97, [000001E2D6FE2600][000001E2D69A5A80 49] iPadPro2_129, [000001E2D6FF7C00][000001E2D69A9C00 49] iPad5, [000001E2D6FE2200][000001E2D69AC200 49] iPad6, [000001E2D6FF4F00][000001E2D5498380 49] iPad7, [000001E2D6FE2D00][000001E2D549C500 49] iPad8, [000001E2D6FF5100][000001E2D54A0680 49] iPadPro11, [000001E2D6FE1600][000001E2D54A4800 49] iPadPro2_11, [000001E2D6FF7400][000001E2D54A8980 49] iPadPro3_129, [000001E2D6FE2800][000001E2D54ACB00 49] iPadPro4_129, [000001E2D6FF7A00][000001E2D6980C40 49] AppleTV, [000001E2D6FE2100][000001E2D54B0D80 49] AppleTV4K, [000001E2D6FF5F00][000001E2D54B4EC0 49] TVOS, [000001E2D6FE3400][000001E2D82AF040 49] Mac, [000001E2D6FF7800][000001E2D82B31C0 49] MacClient, [000001E2D6FE1E00][000001E2D82B7340 49] MacNoEditor, [000001E2D6FF7F00][000001E2D82BB4C0 49] MacServer, [000001E2D6FE3500][000001E2D82BF640 49] Linux, [000001E2D6FF4C00][000001E2D82C37C0 49] LinuxAArch64, [000001E2D6FE2F00][000001E2D82C7940 49] LinuxNoEditor, [000001E2D6FF4B00][000001E2D82CBAC0 49] LinuxAArch64NoEditor, [000001E2D6FE3700][000001E2D82CE0C0 49] LinuxClient, [000001E2D6FF5A00][000001E2D5300240 49] LinuxAArch64Client, [000001E2D6FE1000][000001E2D53043C0 49] LinuxServer, [000001E2D6FF6500][000001E2D5308540 49] LinuxAArch64Server, [000001E2D6FE1900][000001E2D530C6C0 49] Android, [000001E2D6FF5300][000001E2D5310840 49] Android_Low, [000001E2D6FE2700][000001E2D53149C0 49] Android_Mid, [000001E2D6FF6B00][000001E2D5318B40 49] Android_High, [000001E2D6FE3800][000001E2D531CCC0 49] Android_Default, [000001E2D6FF5600][000001E2D82AAE00 49] Android_Adreno4xx, [000001E2D6FE1500][000001E2D5320F40 49] Android_Adreno5xx_Low, [000001E2D6FEF600][000001E2D5325080 49] Android_Adreno5xx, [000001E2D7045700][000001E2D67F51C0 49] Android_Adreno6xx, [000001E2D6FED200][000001E2D67FD340 49] Android_Adreno6xx_Vulkan, [000001E2D7047B00][000001E2D68014C0 49] Android_Mali_T6xx, [000001E2D6FED100][000001E2D6805640 49] Android_Mali_T7xx, [000001E2D7045500][000001E2D68097C0 49] Android_Mali_T8xx, [000001E2D6FEDE00][000001E2D680D940 49] Android_Mali_G71, [000001E2D7044500][000001E2D6811AC0 49] Android_Mali_G72, [000001E2D6FEC800][000001E2D68140C0 49] Android_Mali_G72_Vulkan, [000001E2D7045200][000001E2D6818240 49] Android_Mali_G76, [000001E2D6FEC100][000001E2D681C3C0 49] Android_Mali_G76_Vulkan, [000001E2D7045E00][000001E2D6820540 49] Android_Mali_G77, [000001E2D6FED000][000001E2D68246C0 49] Android_Mali_G77_Vulkan, [000001E2D7044A00][000001E2D6828840 49] Android_Mali_G78, [000001E2D6FEEC00][000001E2D68689C0 49] Android_Mali_G78_Vulkan, [000001E2D7047500][000001E2D686CB40 49] Android_Mali_G710, [000001E2D6FEEA00][000001E2D6870CC0 49] Android_Mali_G710_Vulkan, [000001E2D7047E00][000001E2D6874E40 49] Android_Vulkan_SM5, [000001E2D6FEFB00][000001E2D67F8F80 49] Android_PowerVR_G6xxx, [000001E2D7047A00][000001E2D68790C0 49] Android_PowerVR_GT7xxx, [000001E2D6FEF900][000001E2D687D200 49] Android_PowerVR_GE8xxx, [000001E2D7044C00][000001E2D6881340 49] Android_PowerVR_GM9xxx, [000001E2D6FEE700][000001E2D68894C0 49] Android_PowerVR_GM9xxx_Vulkan, [000001E2D7046600][000001E2D688D640 49] Android_TegraK1, [000001E2D6FEC900][000001E2D68917C0 49] Android_Unknown_Vulkan, [000001E2D7045C00][000001E2D6895940 49] Lumin, [000001E2D6FEC500][000001E2D6899AC0 49] Lumin_Desktop, [000001E2D7047200][000001E2D689C0C0 49] HoloLens, 
[2022.04.14-00.12.52:931][  0]LogMeshReduction: Using QuadricMeshReduction for automatic static mesh reduction
[2022.04.14-00.12.52:931][  0]LogMeshReduction: Using SimplygonMeshReduction for automatic skeletal mesh reduction
[2022.04.14-00.12.52:931][  0]LogMeshReduction: Using ProxyLODMeshReduction for automatic mesh merging
[2022.04.14-00.12.52:931][  0]LogMeshReduction: No distributed automatic mesh merging module available
[2022.04.14-00.12.52:931][  0]LogMeshMerging: No distributed automatic mesh merging module available
[2022.04.14-00.12.52:958][  0]LogNetVersion: SlossGPRO_A2 1.0.0, NetCL: 17155196, EngineNetVer: 17, GameNetVer: 0 (Checksum: 3761996918)
[2022.04.14-00.12.53:662][  0]LogTexture: Default maximum texture size for cubemaps generated from long-lat sources has been changed from 512 to unlimited. In order to preserve old behaiour for '/Engine/MapTemplates/Sky/DaylightAmbientCubemap.DaylightAmbientCubemap', its maximum texture size has been explicitly set to 512.
[2022.04.14-00.12.53:752][  0]LogHMD: PokeAHoleMaterial loaded successfully
[2022.04.14-00.12.53:763][  0]LogUObjectArray: 17178 objects as part of root set at end of initial load.
[2022.04.14-00.12.53:763][  0]LogUObjectAllocator: 4302048 out of 0 bytes used by permanent object pool.
[2022.04.14-00.12.53:763][  0]LogUObjectArray: CloseDisregardForGC: 0/0 objects in disregard for GC pool
[2022.04.14-00.12.54:208][  0]LogNiagaraDebuggerClient: Niagara Debugger Client Initialized | Session: F420E9EA40E8440D0F18A88D4413AF44 | Instance: EF8F85574F19B8F3D6D13AB9240E59CB (DESKTOP-VRMNEHM-16856).
[2022.04.14-00.12.54:262][  0]LogPython: Using Python 3.7.7
[2022.04.14-00.12.55:331][  0]LogTcpMessaging: Initializing TcpMessaging bridge
[2022.04.14-00.12.55:338][  0]LogUdpMessaging: Initializing bridge on interface 0.0.0.0:0 to multicast group 230.0.0.1:6666.
[2022.04.14-00.12.55:601][  0]SourceControl: Source control is disabled
[2022.04.14-00.12.55:601][  0]SourceControl: Source control is disabled
[2022.04.14-00.12.55:606][  0]SourceControl: Source control is disabled
[2022.04.14-00.12.55:610][  0]SourceControl: Source control is disabled
[2022.04.14-00.12.55:624][  0]SourceControl: Source control is disabled
[2022.04.14-00.12.55:633][  0]LogUProjectInfo: Found projects:
[2022.04.14-00.12.55:958][  0]LogOpenImageDenoise: OIDN starting up
[2022.04.14-00.12.56:028][  0]LogAndroidPermission: UAndroidPermissionCallbackProxy::GetInstance
[2022.04.14-00.12.56:061][  0]LogAudioCaptureCore: Display: No Audio Capture implementations found. Audio input will be silent.
[2022.04.14-00.12.56:061][  0]LogAudioCaptureCore: Display: No Audio Capture implementations found. Audio input will be silent.
[2022.04.14-00.12.56:251][  0]LogCollectionManager: Loaded 0 collections in 0.002592 seconds
[2022.04.14-00.12.56:292][  0]LogFileCache: Scanning file cache for directory 'D:/Unreal Projects/Assignment2GPRO_Sloss/SlossGPRO_A2/Saved/Collections/' took 0.00s
[2022.04.14-00.12.56:292][  0]LogFileCache: Scanning file cache for directory 'D:/Unreal Projects/Assignment2GPRO_Sloss/SlossGPRO_A2/Content/Developers/TYLER/Collections/' took 0.00s
[2022.04.14-00.12.56:292][  0]LogFileCache: Scanning file cache for directory 'D:/Unreal Projects/Assignment2GPRO_Sloss/SlossGPRO_A2/Content/Collections/' took 0.00s
[2022.04.14-00.12.56:292][  0]LogOcInput: OculusInput pre-init called
[2022.04.14-00.12.56:684][  0]LogEngine: Initializing Engine...
[2022.04.14-00.12.56:687][  0]LogHMD: Failed to enumerate extensions. Please check that you have a valid OpenXR runtime installed.
[2022.04.14-00.12.56:688][  0]LogHMD: Failed to initialize OpenVR with code 110
[2022.04.14-00.12.56:688][  0]LogMagicLeap: Warning: VR disabled because ZI is not enabled.  To enable, in the editor, Edit -> Project Settings -> Plugins -> Magic Leap Plugin -> Enable Zero Iteration
[2022.04.14-00.12.56:689][  0]LogStats: UGameplayTagsManager::InitializeManager -  0.000 s
[2022.04.14-00.12.56:872][  0]LogInit: Initializing FReadOnlyCVARCache
[2022.04.14-00.12.56:883][  0]LogAIModule: Creating AISystem for world Untitled
[2022.04.14-00.12.56:901][  0]LogAudio: Display: Initializing Audio Device Manager...
[2022.04.14-00.12.56:907][  0]LogAudio: Display: Loading Default Audio Settings Objects...
[2022.04.14-00.12.56:907][  0]LogAudio: Display: No default SoundConcurrencyObject specified (or failed to load).
[2022.04.14-00.12.56:908][  0]LogAudio: Display: Audio Device Manager Initialized
[2022.04.14-00.12.56:908][  0]LogAudio: Display: Creating Audio Device:                 Id: 1, Scope: Shared, Realtime: True
[2022.04.14-00.12.56:908][  0]LogAudioMixer: Display: Audio Mixer Platform Settings:
[2022.04.14-00.12.56:908][  0]LogAudioMixer: Display: 	Sample Rate:						  48000
[2022.04.14-00.12.56:908][  0]LogAudioMixer: Display: 	Callback Buffer Frame Size Requested: 1024
[2022.04.14-00.12.56:908][  0]LogAudioMixer: Display: 	Callback Buffer Frame Size To Use:	  1024
[2022.04.14-00.12.56:908][  0]LogAudioMixer: Display: 	Number of buffers to queue:			  2
[2022.04.14-00.12.56:908][  0]LogAudioMixer: Display: 	Max Channels (voices):				  32
[2022.04.14-00.12.56:908][  0]LogAudioMixer: Display: 	Number of Async Source Workers:		  0
[2022.04.14-00.12.56:908][  0]LogAudio: Display: AudioDevice MaxSources: 32
[2022.04.14-00.12.56:909][  0]LogAudio: Display: Audio Spatialization Plugin: None (built-in).
[2022.04.14-00.12.56:909][  0]LogAudio: Display: Audio Reverb Plugin: None (built-in).
[2022.04.14-00.12.56:909][  0]LogAudio: Display: Audio Occlusion Plugin: None (built-in).
[2022.04.14-00.12.56:909][  0]LogAudioMixer: Display: Initializing audio mixer.
[2022.04.14-00.12.56:932][  0]LogAudioMixer: Display: 0: FrontLeft
[2022.04.14-00.12.56:932][  0]LogAudioMixer: Display: 1: FrontRight
[2022.04.14-00.12.57:145][  0]LogAudioMixer: Display: Using Audio Device Speakers (Realtek High Definition Audio)
[2022.04.14-00.12.57:150][  0]LogAudioMixer: Display: Initializing Sound Submixes...
[2022.04.14-00.12.57:155][  0]LogAudioMixer: Display: Creating Master Submix 'MasterSubmixDefault'
[2022.04.14-00.12.57:155][  0]LogAudioMixer: Display: Creating Master Submix 'MasterReverbSubmixDefault'
[2022.04.14-00.12.57:157][  0]LogAudioMixer: Display: Creating Master Submix 'MasterEQSubmixDefault'
[2022.04.14-00.12.57:157][  0]LogAudioMixer: FMixerPlatformXAudio2::StartAudioStream() called
[2022.04.14-00.12.57:157][  0]LogAudioMixer: Display: Output buffers initialized: Frames=1024, Channels=2, Samples=2048
[2022.04.14-00.12.57:159][  0]LogAudioMixer: Display: Starting AudioMixerPlatformInterface::RunInternal()
[2022.04.14-00.12.57:159][  0]LogAudioMixer: Display: FMixerPlatformXAudio2::SubmitBuffer() called for the first time
[2022.04.14-00.12.57:159][  0]LogInit: FAudioDevice initialized.
[2022.04.14-00.12.57:160][  0]LogAudio: Display: Audio Device (ID: 1) registered with world 'Untitled'.
[2022.04.14-00.12.57:160][  0]LogNetVersion: Set ProjectVersion to 1.0.0.0. Version Checksum will be recalculated on next use.
[2022.04.14-00.12.57:321][  0]LogDerivedDataCache: Saved boot cache 0.16s 94MB C:/Users/TYLER/AppData/Local/UnrealEngine/4.27/DerivedDataCache/Boot.ddc.
[2022.04.14-00.12.57:322][  0]LogInit: Texture streaming: Enabled
[2022.04.14-00.12.57:338][  0]LogAnalytics: Display: [UEEditor.Rocket.Release] APIServer = https://datarouter.ol.epicgames.com/. AppVersion = 4.27.2-18319896+++UE4+Release-4.27
[2022.04.14-00.12.57:344][  0]LogEngineSessionManager: EngineSessionManager initialized
[2022.04.14-00.12.57:344][  0]LogEditorSessionSummary: Verbose: Initializing EditorSessionSummaryWriter for editor session tracking
[2022.04.14-00.12.57:347][  0]LogEditorSessionSummary: EditorSessionSummaryWriter initialized
[2022.04.14-00.12.57:381][  0]LogInit: Transaction tracking system initialized
[2022.04.14-00.12.57:411][  0]BlueprintLog: New page: Editor Load
[2022.04.14-00.12.57:497][  0]LocalizationService: Localization service is disabled
[2022.04.14-00.12.57:531][  0]TimingProfiler: Initialize
[2022.04.14-00.12.57:531][  0]TimingProfiler: OnSessionChanged
[2022.04.14-00.12.57:531][  0]LoadingProfiler: Initialize
[2022.04.14-00.12.57:531][  0]LoadingProfiler: OnSessionChanged
[2022.04.14-00.12.57:531][  0]NetworkingProfiler: Initialize
[2022.04.14-00.12.57:531][  0]NetworkingProfiler: OnSessionChanged
[2022.04.14-00.12.57:531][  0]MemoryProfiler: Initialize
[2022.04.14-00.12.57:531][  0]MemoryProfiler: OnSessionChanged
[2022.04.14-00.12.57:806][  0]LogCook: Display: CookSettings for Memory: MemoryMaxUsedVirtual 0MiB, MemoryMaxUsedPhysical 16384MiB, MemoryMinFreeVirtual 0MiB, MemoryMinFreePhysical 1024MiB
[2022.04.14-00.12.57:807][  0]LogCook: Display: Mobile HDR setting 1
[2022.04.14-00.12.58:129][  0]LogFileCache: Scanning file cache for directory 'D:/Unreal Projects/Assignment2GPRO_Sloss/SlossGPRO_A2/Content/' took 0.00s
[2022.04.14-00.12.58:483][  0]LogInit: Display: Engine is initialized. Leaving FEngineLoop::Init()
[2022.04.14-00.12.58:488][  0]SourceControl: Source control is disabled
[2022.04.14-00.12.58:488][  0]LogUnrealEdMisc: Loading editor; pre map load, took 12.504
[2022.04.14-00.12.58:488][  0]Cmd: MAP LOAD FILE="../../../Engine/Content/Maps/Templates/Template_Default.umap" TEMPLATE=1 SHOWPROGRESS=1 FEATURELEVEL=3
[2022.04.14-00.12.58:488][  0]LightingResults: New page: Lighting Build
[2022.04.14-00.12.58:492][  0]LogWorld: UWorld::CleanupWorld for Untitled, bSessionEnded=true, bCleanupResources=true
[2022.04.14-00.12.58:492][  0]LogSlate: InvalidateAllWidgets triggered.  All widgets were invalidated
[2022.04.14-00.12.58:492][  0]MapCheck: New page: Map Check
[2022.04.14-00.12.58:492][  0]LightingResults: New page: Lighting Build
[2022.04.14-00.12.58:502][  0]LogAudio: Display: Audio Device unregistered from world 'None'.
[2022.04.14-00.12.58:508][  0]LogUObjectHash: Compacting FUObjectHashTables data took   2.09ms
[2022.04.14-00.12.58:626][  0]LogTexture: Display: Building textures: DeprecatedTextureEB9CBE3C423008B5E8E130901E171C89 (BGRA8, 128X128)
[2022.04.14-00.12.58:637][  0]LogAudio: Display: Audio Device (ID: 1) registered with world 'Untitled_1'.
[2022.04.14-00.12.58:639][  0]LogAIModule: Creating AISystem for world Untitled_1
[2022.04.14-00.12.58:644][  0]LogEditorServer: Finished looking for orphan Actors (0.000 secs)
[2022.04.14-00.12.58:658][  0]LogUObjectHash: Compacting FUObjectHashTables data took   1.49ms
[2022.04.14-00.12.58:658][  0]Cmd: MAP CHECKDEP NOCLEARLOG
[2022.04.14-00.12.58:658][  0]MapCheck: Map check complete: 0 Error(s), 0 Warning(s), took 0.201ms to complete.
[2022.04.14-00.12.58:658][  0]LogFileHelpers: Loading map 'Template_Default' took 0.171
[2022.04.14-00.12.58:661][  0]LogUnrealEdMisc: Total Editor Startup Time, took 12.677
[2022.04.14-00.12.58:816][  0]LogSlate: Updating window title bar state: overlay mode, drag disabled, window buttons hidden, title bar hidden
[2022.04.14-00.12.58:826][  0]LogSlate: Updating window title bar state: overlay mode, drag disabled, window buttons hidden, title bar hidden
[2022.04.14-00.12.58:835][  0]LogSlate: Updating window title bar state: overlay mode, drag disabled, window buttons hidden, title bar hidden
[2022.04.14-00.12.58:844][  0]LogSlate: Updating window title bar state: overlay mode, drag disabled, window buttons hidden, title bar hidden
[2022.04.14-00.12.58:866][  0]LogNativeClassHierarchy: Verbose: Native class hierarchy populated in 0.0153 seconds. Added 3822 classes and 928 folders.
[2022.04.14-00.12.58:896][  0]LogNativeClassHierarchy: Verbose: Native class hierarchy updated for 'WidgetCarousel' in 0.0004 seconds. Added 0 classes and 0 folders.
[2022.04.14-00.12.58:898][  0]LogPakFile: PakFile PrimaryIndexSize=187
[2022.04.14-00.12.58:898][  0]LogPakFile: PakFile PathHashIndexSize=101
[2022.04.14-00.12.58:898][  0]LogPakFile: PakFile FullDirectoryIndexSize=148
[2022.04.14-00.12.58:898][  0]LogShaderLibrary: Display: ShaderCodeLibraryPakFileMountedCallback: PakFile 'C:/Program Files/Unreal Engine/UE_4.27/FeaturePacks/FP_FirstPerson.upack' (chunk index -1, root 'root:/') mounted
[2022.04.14-00.12.58:898][  0]LogShaderLibrary: Display: ShaderCodeLibraryPakFileMountedCallback: pending pak file info (ChunkID:-1 Root:root:/ File:C:/Program Files/Unreal Engine/UE_4.27/FeaturePacks/FP_FirstPerson.upack)
[2022.04.14-00.12.58:898][  0]LogPakFile: OnPakFileMounted2Time == 0.000090
[2022.04.14-00.12.58:900][  0]LogPakFile: PakFile PrimaryIndexSize=189
[2022.04.14-00.12.58:900][  0]LogPakFile: PakFile PathHashIndexSize=101
[2022.04.14-00.12.58:900][  0]LogPakFile: PakFile FullDirectoryIndexSize=152
[2022.04.14-00.12.58:900][  0]LogShaderLibrary: Display: ShaderCodeLibraryPakFileMountedCallback: PakFile 'C:/Program Files/Unreal Engine/UE_4.27/FeaturePacks/FP_FirstPersonBP.upack' (chunk index -1, root 'root:/') mounted
[2022.04.14-00.12.58:900][  0]LogShaderLibrary: Display: ShaderCodeLibraryPakFileMountedCallback: pending pak file info (ChunkID:-1 Root:root:/ File:C:/Program Files/Unreal Engine/UE_4.27/FeaturePacks/FP_FirstPersonBP.upack)
[2022.04.14-00.12.58:900][  0]LogPakFile: OnPakFileMounted2Time == 0.000069
[2022.04.14-00.12.58:901][  0]LogPakFile: PakFile PrimaryIndexSize=191
[2022.04.14-00.12.58:901][  0]LogPakFile: PakFile PathHashIndexSize=101
[2022.04.14-00.12.58:901][  0]LogPakFile: PakFile FullDirectoryIndexSize=160
[2022.04.14-00.12.58:901][  0]LogShaderLibrary: Display: ShaderCodeLibraryPakFileMountedCallback: PakFile 'C:/Program Files/Unreal Engine/UE_4.27/FeaturePacks/MobileStarterContent.upack' (chunk index -1, root 'root:/') mounted
[2022.04.14-00.12.58:901][  0]LogShaderLibrary: Display: ShaderCodeLibraryPakFileMountedCallback: pending pak file info (ChunkID:-1 Root:root:/ File:C:/Program Files/Unreal Engine/UE_4.27/FeaturePacks/MobileStarterContent.upack)
[2022.04.14-00.12.58:901][  0]LogPakFile: OnPakFileMounted2Time == 0.000058
[2022.04.14-00.12.58:902][  0]LogPakFile: PakFile PrimaryIndexSize=185
[2022.04.14-00.12.58:902][  0]LogPakFile: PakFile PathHashIndexSize=101
[2022.04.14-00.12.58:902][  0]LogPakFile: PakFile FullDirectoryIndexSize=148
[2022.04.14-00.12.58:902][  0]LogShaderLibrary: Display: ShaderCodeLibraryPakFileMountedCallback: PakFile 'C:/Program Files/Unreal Engine/UE_4.27/FeaturePacks/StarterContent.upack' (chunk index -1, root 'root:/') mounted
[2022.04.14-00.12.58:902][  0]LogShaderLibrary: Display: ShaderCodeLibraryPakFileMountedCallback: pending pak file info (ChunkID:-1 Root:root:/ File:C:/Program Files/Unreal Engine/UE_4.27/FeaturePacks/StarterContent.upack)
[2022.04.14-00.12.58:902][  0]LogPakFile: OnPakFileMounted2Time == 0.000065
[2022.04.14-00.12.58:903][  0]LogPakFile: PakFile PrimaryIndexSize=190
[2022.04.14-00.12.58:903][  0]LogPakFile: PakFile PathHashIndexSize=101
[2022.04.14-00.12.58:903][  0]LogPakFile: PakFile FullDirectoryIndexSize=154
[2022.04.14-00.12.58:903][  0]LogShaderLibrary: Display: ShaderCodeLibraryPakFileMountedCallback: PakFile 'C:/Program Files/Unreal Engine/UE_4.27/FeaturePacks/TP_2DSideScroller.upack' (chunk index -1, root 'root:/') mounted
[2022.04.14-00.12.58:903][  0]LogShaderLibrary: Display: ShaderCodeLibraryPakFileMountedCallback: pending pak file info (ChunkID:-1 Root:root:/ File:C:/Program Files/Unreal Engine/UE_4.27/FeaturePacks/TP_2DSideScroller.upack)
[2022.04.14-00.12.58:903][  0]LogPakFile: OnPakFileMounted2Time == 0.000057
[2022.04.14-00.12.58:904][  0]LogPakFile: PakFile PrimaryIndexSize=192
[2022.04.14-00.12.58:904][  0]LogPakFile: PakFile PathHashIndexSize=101
[2022.04.14-00.12.58:904][  0]LogPakFile: PakFile FullDirectoryIndexSize=158
[2022.04.14-00.12.58:905][  0]LogShaderLibrary: Display: ShaderCodeLibraryPakFileMountedCallback: PakFile 'C:/Program Files/Unreal Engine/UE_4.27/FeaturePacks/TP_2DSideScrollerBP.upack' (chunk index -1, root 'root:/') mounted
[2022.04.14-00.12.58:905][  0]LogShaderLibrary: Display: ShaderCodeLibraryPakFileMountedCallback: pending pak file info (ChunkID:-1 Root:root:/ File:C:/Program Files/Unreal Engine/UE_4.27/FeaturePacks/TP_2DSideScrollerBP.upack)
[2022.04.14-00.12.58:905][  0]LogPakFile: OnPakFileMounted2Time == 0.000062
[2022.04.14-00.12.58:906][  0]LogPakFile: PakFile PrimaryIndexSize=182
[2022.04.14-00.12.58:906][  0]LogPakFile: PakFile PathHashIndexSize=101
[2022.04.14-00.12.58:906][  0]LogPakFile: PakFile FullDirectoryIndexSize=138
[2022.04.14-00.12.58:906][  0]LogShaderLibrary: Display: ShaderCodeLibraryPakFileMountedCallback: PakFile 'C:/Program Files/Unreal Engine/UE_4.27/FeaturePacks/TP_Flying.upack' (chunk index -1, root 'root:/') mounted
[2022.04.14-00.12.58:906][  0]LogShaderLibrary: Display: ShaderCodeLibraryPakFileMountedCallback: pending pak file info (ChunkID:-1 Root:root:/ File:C:/Program Files/Unreal Engine/UE_4.27/FeaturePacks/TP_Flying.upack)
[2022.04.14-00.12.58:906][  0]LogPakFile: OnPakFileMounted2Time == 0.000056
[2022.04.14-00.12.58:907][  0]LogPakFile: PakFile PrimaryIndexSize=184
[2022.04.14-00.12.58:907][  0]LogPakFile: PakFile PathHashIndexSize=101
[2022.04.14-00.12.58:907][  0]LogPakFile: PakFile FullDirectoryIndexSize=142
[2022.04.14-00.12.58:907][  0]LogShaderLibrary: Display: ShaderCodeLibraryPakFileMountedCallback: PakFile 'C:/Program Files/Unreal Engine/UE_4.27/FeaturePacks/TP_FlyingBP.upack' (chunk index -1, root 'root:/') mounted
[2022.04.14-00.12.58:907][  0]LogShaderLibrary: Display: ShaderCodeLibraryPakFileMountedCallback: pending pak file info (ChunkID:-1 Root:root:/ File:C:/Program Files/Unreal Engine/UE_4.27/FeaturePacks/TP_FlyingBP.upack)
[2022.04.14-00.12.58:907][  0]LogPakFile: OnPakFileMounted2Time == 0.000056
[2022.04.14-00.12.58:908][  0]LogPakFile: PakFile PrimaryIndexSize=188
[2022.04.14-00.12.58:908][  0]LogPakFile: PakFile PathHashIndexSize=101
[2022.04.14-00.12.58:908][  0]LogPakFile: PakFile FullDirectoryIndexSize=150
[2022.04.14-00.12.58:908][  0]LogShaderLibrary: Display: ShaderCodeLibraryPakFileMountedCallback: PakFile 'C:/Program Files/Unreal Engine/UE_4.27/FeaturePacks/TP_HandheldARBP.upack' (chunk index -1, root 'root:/') mounted
[2022.04.14-00.12.58:908][  0]LogShaderLibrary: Display: ShaderCodeLibraryPakFileMountedCallback: pending pak file info (ChunkID:-1 Root:root:/ File:C:/Program Files/Unreal Engine/UE_4.27/FeaturePacks/TP_HandheldARBP.upack)
[2022.04.14-00.12.58:908][  0]LogPakFile: OnPakFileMounted2Time == 0.000065
[2022.04.14-00.12.58:910][  0]LogPakFile: PakFile PrimaryIndexSize=182
[2022.04.14-00.12.58:910][  0]LogPakFile: PakFile PathHashIndexSize=101
[2022.04.14-00.12.58:910][  0]LogPakFile: PakFile FullDirectoryIndexSize=138
[2022.04.14-00.12.58:910][  0]LogShaderLibrary: Display: ShaderCodeLibraryPakFileMountedCallback: PakFile 'C:/Program Files/Unreal Engine/UE_4.27/FeaturePacks/TP_Puzzle.upack' (chunk index -1, root 'root:/') mounted
[2022.04.14-00.12.58:910][  0]LogShaderLibrary: Display: ShaderCodeLibraryPakFileMountedCallback: pending pak file info (ChunkID:-1 Root:root:/ File:C:/Program Files/Unreal Engine/UE_4.27/FeaturePacks/TP_Puzzle.upack)
[2022.04.14-00.12.58:910][  0]LogPakFile: OnPakFileMounted2Time == 0.000059
[2022.04.14-00.12.58:911][  0]LogPakFile: PakFile PrimaryIndexSize=184
[2022.04.14-00.12.58:911][  0]LogPakFile: PakFile PathHashIndexSize=101
[2022.04.14-00.12.58:911][  0]LogPakFile: PakFile FullDirectoryIndexSize=142
[2022.04.14-00.12.58:911][  0]LogShaderLibrary: Display: ShaderCodeLibraryPakFileMountedCallback: PakFile 'C:/Program Files/Unreal Engine/UE_4.27/FeaturePacks/TP_PuzzleBP.upack' (chunk index -1, root 'root:/') mounted
[2022.04.14-00.12.58:911][  0]LogShaderLibrary: Display: ShaderCodeLibraryPakFileMountedCallback: pending pak file info (ChunkID:-1 Root:root:/ File:C:/Program Files/Unreal Engine/UE_4.27/FeaturePacks/TP_PuzzleBP.upack)
[2022.04.14-00.12.58:911][  0]LogPakFile: OnPakFileMounted2Time == 0.000084
[2022.04.14-00.12.58:913][  0]LogPakFile: PakFile PrimaryIndexSize=183
[2022.04.14-00.12.58:913][  0]LogPakFile: PakFile PathHashIndexSize=101
[2022.04.14-00.12.58:913][  0]LogPakFile: PakFile FullDirectoryIndexSize=140
[2022.04.14-00.12.58:913][  0]LogShaderLibrary: Display: ShaderCodeLibraryPakFileMountedCallback: PakFile 'C:/Program Files/Unreal Engine/UE_4.27/FeaturePacks/TP_Rolling.upack' (chunk index -1, root 'root:/') mounted
[2022.04.14-00.12.58:913][  0]LogShaderLibrary: Display: ShaderCodeLibraryPakFileMountedCallback: pending pak file info (ChunkID:-1 Root:root:/ File:C:/Program Files/Unreal Engine/UE_4.27/FeaturePacks/TP_Rolling.upack)
[2022.04.14-00.12.58:913][  0]LogPakFile: OnPakFileMounted2Time == 0.000058
[2022.04.14-00.12.58:914][  0]LogPakFile: PakFile PrimaryIndexSize=185
[2022.04.14-00.12.58:914][  0]LogPakFile: PakFile PathHashIndexSize=101
[2022.04.14-00.12.58:914][  0]LogPakFile: PakFile FullDirectoryIndexSize=144
[2022.04.14-00.12.58:914][  0]LogShaderLibrary: Display: ShaderCodeLibraryPakFileMountedCallback: PakFile 'C:/Program Files/Unreal Engine/UE_4.27/FeaturePacks/TP_RollingBP.upack' (chunk index -1, root 'root:/') mounted
[2022.04.14-00.12.58:914][  0]LogShaderLibrary: Display: ShaderCodeLibraryPakFileMountedCallback: pending pak file info (ChunkID:-1 Root:root:/ File:C:/Program Files/Unreal Engine/UE_4.27/FeaturePacks/TP_RollingBP.upack)
[2022.04.14-00.12.58:914][  0]LogPakFile: OnPakFileMounted2Time == 0.000057
[2022.04.14-00.12.58:915][  0]LogPakFile: PakFile PrimaryIndexSize=188
[2022.04.14-00.12.58:915][  0]LogPakFile: PakFile PathHashIndexSize=101
[2022.04.14-00.12.58:915][  0]LogPakFile: PakFile FullDirectoryIndexSize=150
[2022.04.14-00.12.58:915][  0]LogShaderLibrary: Display: ShaderCodeLibraryPakFileMountedCallback: PakFile 'C:/Program Files/Unreal Engine/UE_4.27/FeaturePacks/TP_SideScroller.upack' (chunk index -1, root 'root:/') mounted
[2022.04.14-00.12.58:915][  0]LogShaderLibrary: Display: ShaderCodeLibraryPakFileMountedCallback: pending pak file info (ChunkID:-1 Root:root:/ File:C:/Program Files/Unreal Engine/UE_4.27/FeaturePacks/TP_SideScroller.upack)
[2022.04.14-00.12.58:915][  0]LogPakFile: OnPakFileMounted2Time == 0.000073
[2022.04.14-00.12.58:916][  0]LogPakFile: PakFile PrimaryIndexSize=190
[2022.04.14-00.12.58:916][  0]LogPakFile: PakFile PathHashIndexSize=101
[2022.04.14-00.12.58:916][  0]LogPakFile: PakFile FullDirectoryIndexSize=154
[2022.04.14-00.12.58:916][  0]LogShaderLibrary: Display: ShaderCodeLibraryPakFileMountedCallback: PakFile 'C:/Program Files/Unreal Engine/UE_4.27/FeaturePacks/TP_SideScrollerBP.upack' (chunk index -1, root 'root:/') mounted
[2022.04.14-00.12.58:916][  0]LogShaderLibrary: Display: ShaderCodeLibraryPakFileMountedCallback: pending pak file info (ChunkID:-1 Root:root:/ File:C:/Program Files/Unreal Engine/UE_4.27/FeaturePacks/TP_SideScrollerBP.upack)
[2022.04.14-00.12.58:916][  0]LogPakFile: OnPakFileMounted2Time == 0.000057
[2022.04.14-00.12.58:917][  0]LogPakFile: PakFile PrimaryIndexSize=187
[2022.04.14-00.12.58:917][  0]LogPakFile: PakFile PathHashIndexSize=101
[2022.04.14-00.12.58:917][  0]LogPakFile: PakFile FullDirectoryIndexSize=148
[2022.04.14-00.12.58:917][  0]LogShaderLibrary: Display: ShaderCodeLibraryPakFileMountedCallback: PakFile 'C:/Program Files/Unreal Engine/UE_4.27/FeaturePacks/TP_ThirdPerson.upack' (chunk index -1, root 'root:/') mounted
[2022.04.14-00.12.58:917][  0]LogShaderLibrary: Display: ShaderCodeLibraryPakFileMountedCallback: pending pak file info (ChunkID:-1 Root:root:/ File:C:/Program Files/Unreal Engine/UE_4.27/FeaturePacks/TP_ThirdPerson.upack)
[2022.04.14-00.12.58:918][  0]LogPakFile: OnPakFileMounted2Time == 0.000060
[2022.04.14-00.12.58:919][  0]LogPakFile: PakFile PrimaryIndexSize=189
[2022.04.14-00.12.58:919][  0]LogPakFile: PakFile PathHashIndexSize=101
[2022.04.14-00.12.58:919][  0]LogPakFile: PakFile FullDirectoryIndexSize=152
[2022.04.14-00.12.58:919][  0]LogShaderLibrary: Display: ShaderCodeLibraryPakFileMountedCallback: PakFile 'C:/Program Files/Unreal Engine/UE_4.27/FeaturePacks/TP_ThirdPersonBP.upack' (chunk index -1, root 'root:/') mounted
[2022.04.14-00.12.58:919][  0]LogShaderLibrary: Display: ShaderCodeLibraryPakFileMountedCallback: pending pak file info (ChunkID:-1 Root:root:/ File:C:/Program Files/Unreal Engine/UE_4.27/FeaturePacks/TP_ThirdPersonBP.upack)
[2022.04.14-00.12.58:919][  0]LogPakFile: OnPakFileMounted2Time == 0.000056
[2022.04.14-00.12.58:920][  0]LogPakFile: PakFile PrimaryIndexSize=183
[2022.04.14-00.12.58:920][  0]LogPakFile: PakFile PathHashIndexSize=101
[2022.04.14-00.12.58:920][  0]LogPakFile: PakFile FullDirectoryIndexSize=140
[2022.04.14-00.12.58:920][  0]LogShaderLibrary: Display: ShaderCodeLibraryPakFileMountedCallback: PakFile 'C:/Program Files/Unreal Engine/UE_4.27/FeaturePacks/TP_TopDown.upack' (chunk index -1, root 'root:/') mounted
[2022.04.14-00.12.58:920][  0]LogShaderLibrary: Display: ShaderCodeLibraryPakFileMountedCallback: pending pak file info (ChunkID:-1 Root:root:/ File:C:/Program Files/Unreal Engine/UE_4.27/FeaturePacks/TP_TopDown.upack)
[2022.04.14-00.12.58:920][  0]LogPakFile: OnPakFileMounted2Time == 0.000068
[2022.04.14-00.12.58:921][  0]LogPakFile: PakFile PrimaryIndexSize=185
[2022.04.14-00.12.58:921][  0]LogPakFile: PakFile PathHashIndexSize=101
[2022.04.14-00.12.58:921][  0]LogPakFile: PakFile FullDirectoryIndexSize=144
[2022.04.14-00.12.58:921][  0]LogShaderLibrary: Display: ShaderCodeLibraryPakFileMountedCallback: PakFile 'C:/Program Files/Unreal Engine/UE_4.27/FeaturePacks/TP_TopDownBP.upack' (chunk index -1, root 'root:/') mounted
[2022.04.14-00.12.58:921][  0]LogShaderLibrary: Display: ShaderCodeLibraryPakFileMountedCallback: pending pak file info (ChunkID:-1 Root:root:/ File:C:/Program Files/Unreal Engine/UE_4.27/FeaturePacks/TP_TopDownBP.upack)
[2022.04.14-00.12.58:921][  0]LogPakFile: OnPakFileMounted2Time == 0.000062
[2022.04.14-00.12.58:922][  0]LogPakFile: PakFile PrimaryIndexSize=185
[2022.04.14-00.12.58:922][  0]LogPakFile: PakFile PathHashIndexSize=101
[2022.04.14-00.12.58:922][  0]LogPakFile: PakFile FullDirectoryIndexSize=144
[2022.04.14-00.12.58:922][  0]LogShaderLibrary: Display: ShaderCodeLibraryPakFileMountedCallback: PakFile 'C:/Program Files/Unreal Engine/UE_4.27/FeaturePacks/TP_TwinStick.upack' (chunk index -1, root 'root:/') mounted
[2022.04.14-00.12.58:922][  0]LogShaderLibrary: Display: ShaderCodeLibraryPakFileMountedCallback: pending pak file info (ChunkID:-1 Root:root:/ File:C:/Program Files/Unreal Engine/UE_4.27/FeaturePacks/TP_TwinStick.upack)
[2022.04.14-00.12.58:922][  0]LogPakFile: OnPakFileMounted2Time == 0.000055
[2022.04.14-00.12.58:923][  0]LogPakFile: PakFile PrimaryIndexSize=187
[2022.04.14-00.12.58:923][  0]LogPakFile: PakFile PathHashIndexSize=101
[2022.04.14-00.12.58:923][  0]LogPakFile: PakFile FullDirectoryIndexSize=148
[2022.04.14-00.12.58:923][  0]LogShaderLibrary: Display: ShaderCodeLibraryPakFileMountedCallback: PakFile 'C:/Program Files/Unreal Engine/UE_4.27/FeaturePacks/TP_TwinStickBP.upack' (chunk index -1, root 'root:/') mounted
[2022.04.14-00.12.58:923][  0]LogShaderLibrary: Display: ShaderCodeLibraryPakFileMountedCallback: pending pak file info (ChunkID:-1 Root:root:/ File:C:/Program Files/Unreal Engine/UE_4.27/FeaturePacks/TP_TwinStickBP.upack)
[2022.04.14-00.12.58:923][  0]LogPakFile: OnPakFileMounted2Time == 0.000056
[2022.04.14-00.12.58:924][  0]LogPakFile: PakFile PrimaryIndexSize=183
[2022.04.14-00.12.58:924][  0]LogPakFile: PakFile PathHashIndexSize=101
[2022.04.14-00.12.58:924][  0]LogPakFile: PakFile FullDirectoryIndexSize=140
[2022.04.14-00.12.58:925][  0]LogShaderLibrary: Display: ShaderCodeLibraryPakFileMountedCallback: PakFile 'C:/Program Files/Unreal Engine/UE_4.27/FeaturePacks/TP_Vehicle.upack' (chunk index -1, root 'root:/') mounted
[2022.04.14-00.12.58:925][  0]LogShaderLibrary: Display: ShaderCodeLibraryPakFileMountedCallback: pending pak file info (ChunkID:-1 Root:root:/ File:C:/Program Files/Unreal Engine/UE_4.27/FeaturePacks/TP_Vehicle.upack)
[2022.04.14-00.12.58:925][  0]LogPakFile: OnPakFileMounted2Time == 0.000058
[2022.04.14-00.12.58:926][  0]LogPakFile: PakFile PrimaryIndexSize=186
[2022.04.14-00.12.58:926][  0]LogPakFile: PakFile PathHashIndexSize=101
[2022.04.14-00.12.58:926][  0]LogPakFile: PakFile FullDirectoryIndexSize=146
[2022.04.14-00.12.58:926][  0]LogShaderLibrary: Display: ShaderCodeLibraryPakFileMountedCallback: PakFile 'C:/Program Files/Unreal Engine/UE_4.27/FeaturePacks/TP_VehicleAdv.upack' (chunk index -1, root 'root:/') mounted
[2022.04.14-00.12.58:926][  0]LogShaderLibrary: Display: ShaderCodeLibraryPakFileMountedCallback: pending pak file info (ChunkID:-1 Root:root:/ File:C:/Program Files/Unreal Engine/UE_4.27/FeaturePacks/TP_VehicleAdv.upack)
[2022.04.14-00.12.58:926][  0]LogPakFile: OnPakFileMounted2Time == 0.000073
[2022.04.14-00.12.58:927][  0]LogPakFile: PakFile PrimaryIndexSize=188
[2022.04.14-00.12.58:927][  0]LogPakFile: PakFile PathHashIndexSize=101
[2022.04.14-00.12.58:927][  0]LogPakFile: PakFile FullDirectoryIndexSize=150
[2022.04.14-00.12.58:927][  0]LogShaderLibrary: Display: ShaderCodeLibraryPakFileMountedCallback: PakFile 'C:/Program Files/Unreal Engine/UE_4.27/FeaturePacks/TP_VehicleAdvBP.upack' (chunk index -1, root 'root:/') mounted
[2022.04.14-00.12.58:927][  0]LogShaderLibrary: Display: ShaderCodeLibraryPakFileMountedCallback: pending pak file info (ChunkID:-1 Root:root:/ File:C:/Program Files/Unreal Engine/UE_4.27/FeaturePacks/TP_VehicleAdvBP.upack)
[2022.04.14-00.12.58:927][  0]LogPakFile: OnPakFileMounted2Time == 0.000057
[2022.04.14-00.12.58:928][  0]LogPakFile: PakFile PrimaryIndexSize=185
[2022.04.14-00.12.58:928][  0]LogPakFile: PakFile PathHashIndexSize=101
[2022.04.14-00.12.58:928][  0]LogPakFile: PakFile FullDirectoryIndexSize=144
[2022.04.14-00.12.58:928][  0]LogShaderLibrary: Display: ShaderCodeLibraryPakFileMountedCallback: PakFile 'C:/Program Files/Unreal Engine/UE_4.27/FeaturePacks/TP_VehicleBP.upack' (chunk index -1, root 'root:/') mounted
[2022.04.14-00.12.58:928][  0]LogShaderLibrary: Display: ShaderCodeLibraryPakFileMountedCallback: pending pak file info (ChunkID:-1 Root:root:/ File:C:/Program Files/Unreal Engine/UE_4.27/FeaturePacks/TP_VehicleBP.upack)
[2022.04.14-00.12.58:928][  0]LogPakFile: OnPakFileMounted2Time == 0.000056
[2022.04.14-00.12.58:929][  0]LogPakFile: PakFile PrimaryIndexSize=192
[2022.04.14-00.12.58:929][  0]LogPakFile: PakFile PathHashIndexSize=101
[2022.04.14-00.12.58:929][  0]LogPakFile: PakFile FullDirectoryIndexSize=158
[2022.04.14-00.12.58:929][  0]LogShaderLibrary: Display: ShaderCodeLibraryPakFileMountedCallback: PakFile 'C:/Program Files/Unreal Engine/UE_4.27/FeaturePacks/TP_VirtualRealityBP.upack' (chunk index -1, root 'root:/') mounted
[2022.04.14-00.12.58:930][  0]LogShaderLibrary: Display: ShaderCodeLibraryPakFileMountedCallback: pending pak file info (ChunkID:-1 Root:root:/ File:C:/Program Files/Unreal Engine/UE_4.27/FeaturePacks/TP_VirtualRealityBP.upack)
[2022.04.14-00.12.58:930][  0]LogPakFile: OnPakFileMounted2Time == 0.000059
[2022.04.14-00.12.59:048][  0]LogNativeClassHierarchy: Verbose: Native class hierarchy updated for 'AddContentDialog' in 0.0006 seconds. Added 0 classes and 0 folders.
[2022.04.14-00.12.59:051][  0]LogNativeClassHierarchy: Verbose: Native class hierarchy updated for 'SceneOutliner' in 0.0006 seconds. Added 2 classes and 0 folders.
[2022.04.14-00.12.59:126][  0]LogSlate: Took 0.000347 seconds to synchronously load lazily loaded font '../../../Engine/Content/Slate/Fonts/Roboto-Regular.ttf' (155K)
[2022.04.14-00.12.59:128][  0]LogSlate: Took 0.000309 seconds to synchronously load lazily loaded font '../../../Engine/Content/Editor/Slate/Fonts/FontAwesome.ttf' (139K)
[2022.04.14-00.12.59:131][  0]LogSlate: Took 0.000448 seconds to synchronously load lazily loaded font '../../../Engine/Content/Slate/Fonts/Roboto-Bold.ttf' (160K)
[2022.04.14-00.12.59:362][  0]LogRenderer: Reallocating scene render targets to support 1208x572 Format 10 NumSamples 1 (Frame:1).
[2022.04.14-00.12.59:561][  0]LogNativeClassHierarchy: Verbose: Native class hierarchy updated for 'HierarchicalLODOutliner' in 0.0004 seconds. Added 0 classes and 0 folders.
[2022.04.14-00.12.59:561][  0]LogLoad: (Engine Initialization) Total time: 13.58 seconds
[2022.04.14-00.12.59:561][  0]LogLoad: (Engine Initialization) Total Blueprint compile time: 0.00 seconds
[2022.04.14-00.12.59:625][  0]LogAssetRegistry: Asset discovery search completed in 7.4315 seconds
[2022.04.14-00.12.59:635][  0]LogCollectionManager: Fixed up redirectors for 0 collections in 0.000007 seconds (updated 0 objects)
[2022.04.14-00.12.59:637][  0]LogContentStreaming: Texture pool size now 1000 MB
[2022.04.14-00.12.59:771][  3]LogSlate: Took 0.000293 seconds to synchronously load lazily loaded font '../../../Engine/Content/Slate/Fonts/Roboto-Light.ttf' (167K)
[2022.04.14-00.13.17:910][ 81]LogUObjectHash: Compacting FUObjectHashTables data took   1.00ms
[2022.04.14-00.13.17:932][ 81]LogSlate: Took 0.006462 seconds to synchronously load lazily loaded font '../../../Engine/Content/Slate/Fonts/Roboto-Light.ttf' (167K)
[2022.04.14-00.13.19:415][ 81]LogAssetEditorSubsystem: Opening Asset editor for World /Game/DiggerTestLVL.DiggerTestLVL
[2022.04.14-00.13.19:415][ 81]Cmd: MAP LOAD FILE="D:/Unreal Projects/Assignment2GPRO_Sloss/SlossGPRO_A2/Content/DiggerTestLVL.umap" TEMPLATE=0 SHOWPROGRESS=1 FEATURELEVEL=3
[2022.04.14-00.13.19:416][ 81]LightingResults: New page: Lighting Build
[2022.04.14-00.13.19:416][ 81]LoadErrors: New page: Loading map: DiggerTestLVL.umap
[2022.04.14-00.13.19:417][ 81]LogWorld: UWorld::CleanupWorld for Untitled_1, bSessionEnded=true, bCleanupResources=true
[2022.04.14-00.13.19:417][ 81]LogSlate: InvalidateAllWidgets triggered.  All widgets were invalidated
[2022.04.14-00.13.19:418][ 81]MapCheck: New page: Map Check
[2022.04.14-00.13.19:418][ 81]LightingResults: New page: Lighting Build
[2022.04.14-00.13.19:427][ 81]LogAudio: Display: Audio Device unregistered from world 'None'.
[2022.04.14-00.13.19:431][ 81]LogUObjectHash: Compacting FUObjectHashTables data took   1.93ms
[2022.04.14-00.13.19:432][ 81]LogAudio: Display: Audio Device (ID: 1) registered with world 'DiggerTestLVL'.
[2022.04.14-00.13.19:445][ 81]LogEditorServer: Finished looking for orphan Actors (0.000 secs)
[2022.04.14-00.13.19:445][ 81]LogAIModule: Creating AISystem for world DiggerTestLVL
[2022.04.14-00.13.19:458][ 81]LogUObjectHash: Compacting FUObjectHashTables data took   1.17ms
[2022.04.14-00.13.19:463][ 81]Cmd: MAP CHECKDEP NOCLEARLOG
[2022.04.14-00.13.19:463][ 81]MapCheck: Map check complete: 0 Error(s), 0 Warning(s), took 0.122ms to complete.
[2022.04.14-00.13.19:463][ 81]LogFileHelpers: Loading map 'DiggerTestLVL' took 0.048
[2022.04.14-00.20.08:632][304]LogSlate: Took 0.005962 seconds to synchronously load lazily loaded font '../../../Engine/Content/Slate/Fonts/Roboto-Italic.ttf' (157K)
